Build started 07-Aug-15 21:32:57.
     1>Project "E:\Works\GameDev\GameDev\C-game-course\MyGame\SpaceGame\SpaceGame\SpaceGame.vcxproj" on node 2 (Build target(s)).
     1>ClCompile:
         C:\Program Files (x86)\Microsoft Visual Studio 14.0\VC\bin\CL.exe /c /I"E:\Works\GameDev\GameDev\C-game-course\MyGame\SpaceGame\SpaceGame\common\include" /I"E:\Works\GameDev\GameDev\C-game-course\MyGame\SpaceGame\SpaceGame\tools\editor_tileless" /I"E:\Works\GameDev\GameDev\C-game-course\MyGame\SpaceGame\SpaceGame\irrKlang\include" /I..\..\..\..\common\include /Zi /nologo /W3 /WX- /sdl /O2 /Oi /Oy- /GL /D WIN32 /D NDEBUG /D _WINDOWS /D _UNICODE /D UNICODE /Gm- /EHsc /MD /GS /Gy /fp:precise /Zc:wchar_t /Zc:forScope /Zc:inline /Fo"Release\\" /Fd"Release\vc140.pdb" /Gd /TP /analyze- /errorReport:prompt Main.cpp Menu.cpp
         Main.cpp
     1>Main.cpp(72): warning C4244: 'initializing': conversion from 'double' to 'float', possible loss of data
     1>Main.cpp(75): warning C4244: 'initializing': conversion from 'double' to 'float', possible loss of data
     1>Main.cpp(76): warning C4244: 'initializing': conversion from 'double' to 'float', possible loss of data
     1>Main.cpp(81): warning C4800: 'int': forcing value to bool 'true' or 'false' (performance warning)
     1>Main.cpp(86): warning C4244: 'argument': conversion from 'int' to 'const float', possible loss of data
         Menu.cpp
     1>Menu.cpp(16): warning C4267: 'argument': conversion from 'size_t' to 'short', possible loss of data
     1>Menu.cpp(20): warning C4018: '>=': signed/unsigned mismatch
     1>Menu.cpp(22): warning C4267: 'argument': conversion from 'size_t' to 'short', possible loss of data
     1>Menu.cpp(116): warning C4244: 'argument': conversion from 'int' to 'float', possible loss of data
       Link:
         C:\Program Files (x86)\Microsoft Visual Studio 14.0\VC\bin\link.exe /ERRORREPORT:PROMPT /OUT:"E:\Works\GameDev\GameDev\C-game-course\MyGame\SpaceGame\Release\SpaceGame.exe" /INCREMENTAL:NO /NOLOGO /LIBPATH:"E:\Works\GameDev\GameDev\C-game-course\MyGame\SpaceGame\SpaceGame\bin\win" /LIBPATH:"E:\Works\GameDev\GameDev\C-game-course\MyGame\SpaceGame\SpaceGame\irrKlang\lib\Win32-visualStudio" /LIBPATH:../../../../bin/win IndieLib.lib irrKlang.lib IndieLib.lib kernel32.lib user32.lib gdi32.lib winspool.lib comdlg32.lib advapi32.lib shell32.lib ole32.lib oleaut32.lib uuid.lib odbc32.lib odbccp32.lib /MANIFEST /MANIFESTUAC:"level='asInvoker' uiAccess='false'" /manifest:embed /Debug /PDB:"E:\Works\GameDev\GameDev\C-game-course\MyGame\SpaceGame\Release\SpaceGame.pdb" /SUBSYSTEM:WINDOWS /OPT:REF /OPT:ICF /LTCG /TLBID:1 /DYNAMICBASE /NXCOMPAT /IMPLIB:"E:\Works\GameDev\GameDev\C-game-course\MyGame\SpaceGame\Release\SpaceGame.lib" /MACHINE:X86 /SAFESEH Release\Bullet.obj
         Release\Controls.obj
         Release\ErrorHandler.obj
         Release\Hud.obj
         Release\Main.obj
         Release\Menu.obj
         Release\Object.obj
         Release\Planet.obj
         Release\Satellite.obj
         Release\Save.obj
         Release\Ship.obj
         Release\CIndieLib.obj
         Generating code
         Finished generating code
         SpaceGame.vcxproj -> E:\Works\GameDev\GameDev\C-game-course\MyGame\SpaceGame\Release\SpaceGame.exe
     1>Done Building Project "E:\Works\GameDev\GameDev\C-game-course\MyGame\SpaceGame\SpaceGame\SpaceGame.vcxproj" (Build target(s)).

Build succeeded.

Time Elapsed 00:00:08.62
