
                         ''~``                          
                        ( o o )                         
+------------------.oooO--(_)--Oooo.------------------+ 
|                                                     | 
|                .-------------------.                | 
|                | I N D I E  L I B  |                | 
|                .-------------------.                | 
|                    .oooO                            | 
|                    (   )   Oooo.                    | 
+---------------------\ (----(   )--------------------+
                       \_)    ) /                      
                             (_/                        
Indielib version: 0.5.1

[Init time]: (Monday, 13 of July 2015)

[21:59:27] [ BEGIN ] -- Creating Render --
                     {
[21:59:27] [ BEGIN ]    -- Creating SDL window --
                        {
           [  OK   ]       Window created
           [ INFO  ]       Mode: Window
                        }
[21:59:27] [  END  ]    Window OK [Elapsed time = 0.017 seg]
[21:59:27] [ BEGIN ]    -- Initializing Direct3D --
                        {
           [  OK   ]       Creating D3D object
           [  OK   ]       Obtaining the adapter
           [  OK   ]       Creating the device (D3DCREATE_HARDWARE_VERTEXPROCESSING)
           [ INFO  ]       Video mode: 1366 x 768 x 32
                        }
[21:59:27] [  END  ]    Direct3D OK [Elapsed time = 0.336 seg]
[21:59:27] [ BEGIN ]    -- Hardware information --
                        {
           [ INFO  ]       Direct3D version: DXSDK November 2007
           [ INFO  ]       Mark: Nvidia
           [ INFO  ]       Chip: NVIDIA GeForce GT 740M        
           [ INFO  ]       Primitive antialising (D3DRS_ANTIALIASEDLINEENABLE): No
           [ INFO  ]       Maximum texture size: 16384 x 16384
           [ INFO  ]       Vertex Shader: 3 . 0 
           [ INFO  ]       Pixel Shader: 3 . 0
                        }
[21:59:27] [  END  ]    Hardware Ok [Elapsed time = 0 seg]
[21:59:27] [ BEGIN ]    -- Initializing ImageManager --
                        {
           [  OK   ]       Preparing ImageManager
           [ INFO  ]       Using FreeImage version:  3.15.3
           [ INFO  ]       Copyright:  This program uses FreeImage, a free, open source image library supporting all common bitmap formats. See http://freeimage.sourceforge.net for details
                        }
[21:59:27] [  END  ]    ImageManager Initialised [Elapsed time = 0.001 seg]
[21:59:27] [ BEGIN ]    -- Initializing SurfaceManager --
                        {
           [  OK   ]       Checking IND_Render
           [  OK   ]       Checking IND_ImageManager
                        }
[21:59:27] [  END  ]    SurfaceManager OK [Elapsed time = 0 seg]
[21:59:27] [ BEGIN ]    -- Initializing AnimationManager --
                        {
           [  OK   ]       SurfaceManager Ok
           [  OK   ]       ImageManager Ok
                        }
[21:59:27] [  END  ]    AnimationManager OK [Elapsed time = 0 seg]
[21:59:27] [ BEGIN ]    -- Initializing FontManager --
                        {
           [  OK   ]       SurfaceManager Ok
           [  OK   ]       ImageManager Ok
                        }
[21:59:27] [  END  ]    FontManager OK [Elapsed time = 0 seg]
[21:59:27] [ BEGIN ]    -- Initializing Entity2dManager --
                        {
           [  OK   ]       Preparing Entity2dManager
           [  OK   ]        Checking IND_Render
                        }
[21:59:27] [  END  ]    Entity2dManager OK [Elapsed time = 0 seg]
[21:59:27] [ BEGIN ]    -- Loading Image --
                        {
           [ INFO  ]       File name: ../SpaceGame/resources/Backgrounds/18.jpg
           [ INFO  ]       Extension: jpg
           [ INFO  ]       Size: 1600 x 1200
           [ INFO  ]       Bpp: 3
           [ INFO  ]       Format: IND_RGB
                        }
[21:59:27] [  END  ]    Image loaded [Elapsed time = 0.089 seg]
[21:59:27] [ BEGIN ]    -- Creating surface --
                        {
           [ INFO  ]       From image: ../SpaceGame/resources/Backgrounds/18.jpg
           [  OK   ]       Image type converted to 32-bit RGB implicitly.
           [ INFO  ]       Type: IND_ALPHA
           [ INFO  ]       Quality: IND_32
           [ INFO  ]       Image size: 1600 x 1200
           [ INFO  ]       Block size: 2048 x 2048
           [ INFO  ]       Number of blocks: 1 x 1
           [ INFO  ]       Spare (Right | Down): 448 x 848
                        }
[21:59:27] [  END  ]    Surface created [Elapsed time = 0.025 seg]
[21:59:27] [ BEGIN ]    -- Freeing image --
                        {
           [ INFO  ]       File name: ../SpaceGame/resources/Backgrounds/18.jpg
                        }
[21:59:27] [  END  ]    Ok [Elapsed time = 0 seg]
[21:59:27] [ BEGIN ]    -- Loading Image --
                        {
           [ INFO  ]       File name: ../SpaceGame/resources/doge_stone.jpg
           [ INFO  ]       Extension: jpg
           [ INFO  ]       Size: 1366 x 768
           [ INFO  ]       Bpp: 3
           [ INFO  ]       Format: IND_RGB
                        }
[21:59:27] [  END  ]    Image loaded [Elapsed time = 0.031 seg]
[21:59:27] [ BEGIN ]    -- Creating surface --
                        {
           [ INFO  ]       From image: ../SpaceGame/resources/doge_stone.jpg
           [  OK   ]       Image type converted to 32-bit RGB implicitly.
           [ INFO  ]       Type: IND_ALPHA
           [ INFO  ]       Quality: IND_32
           [ INFO  ]       Image size: 1366 x 768
           [ INFO  ]       Block size: 2048 x 1024
           [ INFO  ]       Number of blocks: 1 x 1
           [ INFO  ]       Spare (Right | Down): 682 x 256
                        }
[21:59:27] [  END  ]    Surface created [Elapsed time = 0.013 seg]
[21:59:27] [ BEGIN ]    -- Freeing image --
                        {
           [ INFO  ]       File name: ../SpaceGame/resources/doge_stone.jpg
                        }
[21:59:27] [  END  ]    Ok [Elapsed time = 0.001 seg]
[21:59:27] [ BEGIN ]    -- Parsing and loading animation --
                        {
           [ INFO  ]       File name: ../SpaceGame/resources/Spaceship_with_motor/Spaceship.xml
[21:59:27] [ BEGIN ]       -- Loading Image --
                           {
           [ INFO  ]          File name: ../SpaceGame/resources/Spaceship_with_motor/1.png
           [ INFO  ]          Extension: png
           [ INFO  ]          Size: 600 x 1200
           [ INFO  ]          Bpp: 4
           [ INFO  ]          Format: IND_RGBA
                           }
[21:59:27] [  END  ]       Image loaded [Elapsed time = 0.015 seg]
[21:59:27] [ BEGIN ]       -- Loading Image --
                           {
           [ INFO  ]          File name: ../SpaceGame/resources/Spaceship_with_motor/2.png
           [ INFO  ]          Extension: png
           [ INFO  ]          Size: 600 x 1200
           [ INFO  ]          Bpp: 4
           [ INFO  ]          Format: IND_RGBA
                           }
[21:59:27] [  END  ]       Image loaded [Elapsed time = 0.015 seg]
[21:59:27] [ BEGIN ]       -- Loading Image --
                           {
           [ INFO  ]          File name: ../SpaceGame/resources/Spaceship_with_motor/3.png
           [ INFO  ]          Extension: png
           [ INFO  ]          Size: 600 x 1200
           [ INFO  ]          Bpp: 4
           [ INFO  ]          Format: IND_RGBA
                           }
[21:59:27] [  END  ]       Image loaded [Elapsed time = 0.015 seg]
[21:59:27] [ BEGIN ]       -- Loading Image --
                           {
           [ INFO  ]          File name: ../SpaceGame/resources/Spaceship_with_motor/4.png
           [ INFO  ]          Extension: png
           [ INFO  ]          Size: 600 x 1200
           [ INFO  ]          Bpp: 4
           [ INFO  ]          Format: IND_RGBA
                           }
[21:59:27] [  END  ]       Image loaded [Elapsed time = 0.015 seg]
[21:59:27] [ BEGIN ]       -- Loading Image --
                           {
           [ INFO  ]          File name: ../SpaceGame/resources/Spaceship_with_motor/5.png
           [ INFO  ]          Extension: png
           [ INFO  ]          Size: 600 x 1200
           [ INFO  ]          Bpp: 4
           [ INFO  ]          Format: IND_RGBA
                           }
[21:59:27] [  END  ]       Image loaded [Elapsed time = 0.016 seg]
[21:59:27] [ BEGIN ]       -- Loading Image --
                           {
           [ INFO  ]          File name: ../SpaceGame/resources/Spaceship_with_motor/6.png
           [ INFO  ]          Extension: png
           [ INFO  ]          Size: 600 x 1200
           [ INFO  ]          Bpp: 4
           [ INFO  ]          Format: IND_RGBA
                           }
[21:59:27] [  END  ]       Image loaded [Elapsed time = 0.016 seg]
[21:59:27] [ BEGIN ]       -- Loading Image --
                           {
           [ INFO  ]          File name: ../SpaceGame/resources/Spaceship_with_motor/7.png
           [ INFO  ]          Extension: png
           [ INFO  ]          Size: 600 x 1200
           [ INFO  ]          Bpp: 4
           [ INFO  ]          Format: IND_RGBA
                           }
[21:59:27] [  END  ]       Image loaded [Elapsed time = 0.017 seg]
[21:59:27] [ BEGIN ]       -- Loading Image --
                           {
           [ INFO  ]          File name: ../SpaceGame/resources/Spaceship_with_motor/8.png
           [ INFO  ]          Extension: png
           [ INFO  ]          Size: 600 x 1200
           [ INFO  ]          Bpp: 4
           [ INFO  ]          Format: IND_RGBA
                           }
[21:59:27] [  END  ]       Image loaded [Elapsed time = 0.016 seg]
[21:59:27] [ BEGIN ]       -- Loading Image --
                           {
           [ INFO  ]          File name: ../SpaceGame/resources/Spaceship_with_motor/9.png
           [ INFO  ]          Extension: png
           [ INFO  ]          Size: 600 x 1200
           [ INFO  ]          Bpp: 4
           [ INFO  ]          Format: IND_RGBA
                           }
[21:59:27] [  END  ]       Image loaded [Elapsed time = 0.015 seg]
[21:59:27] [ BEGIN ]       -- Loading Image --
                           {
           [ INFO  ]          File name: ../SpaceGame/resources/Spaceship_with_motor/10.png
           [ INFO  ]          Extension: png
           [ INFO  ]          Size: 600 x 1200
           [ INFO  ]          Bpp: 4
           [ INFO  ]          Format: IND_RGBA
                           }
[21:59:27] [  END  ]       Image loaded [Elapsed time = 0.016 seg]
[21:59:27] [ BEGIN ]       -- Loading Image --
                           {
           [ INFO  ]          File name: ../SpaceGame/resources/Spaceship_with_motor/11.png
           [ INFO  ]          Extension: png
           [ INFO  ]          Size: 600 x 1200
           [ INFO  ]          Bpp: 4
           [ INFO  ]          Format: IND_RGBA
                           }
[21:59:27] [  END  ]       Image loaded [Elapsed time = 0.015 seg]
[21:59:27] [ BEGIN ]       -- Loading Image --
                           {
           [ INFO  ]          File name: ../SpaceGame/resources/Spaceship_with_motor/12.png
           [ INFO  ]          Extension: png
           [ INFO  ]          Size: 600 x 1200
           [ INFO  ]          Bpp: 4
           [ INFO  ]          Format: IND_RGBA
                           }
[21:59:27] [  END  ]       Image loaded [Elapsed time = 0.016 seg]
[21:59:27] [ BEGIN ]       -- Loading Image --
                           {
           [ INFO  ]          File name: ../SpaceGame/resources/Spaceship_with_motor/13.png
           [ INFO  ]          Extension: png
           [ INFO  ]          Size: 600 x 1200
           [ INFO  ]          Bpp: 4
           [ INFO  ]          Format: IND_RGBA
                           }
[21:59:27] [  END  ]       Image loaded [Elapsed time = 0.015 seg]
[21:59:27] [ BEGIN ]       -- Loading Image --
                           {
           [ INFO  ]          File name: ../SpaceGame/resources/Spaceship_with_motor/14.png
           [ INFO  ]          Extension: png
           [ INFO  ]          Size: 600 x 1200
           [ INFO  ]          Bpp: 4
           [ INFO  ]          Format: IND_RGBA
                           }
[21:59:27] [  END  ]       Image loaded [Elapsed time = 0.016 seg]
[21:59:27] [ BEGIN ]       -- Loading Image --
                           {
           [ INFO  ]          File name: ../SpaceGame/resources/Spaceship_with_motor/15.png
           [ INFO  ]          Extension: png
           [ INFO  ]          Size: 600 x 1200
           [ INFO  ]          Bpp: 4
           [ INFO  ]          Format: IND_RGBA
                           }
[21:59:27] [  END  ]       Image loaded [Elapsed time = 0.016 seg]
                        }
[21:59:27] [  END  ]    Animation parsed and loaded [Elapsed time = 0.234 seg]
[21:59:27] [ BEGIN ]    -- Creating surface --
                        {
           [ INFO  ]       From image: ../SpaceGame/resources/Spaceship_with_motor/1.png
           [ INFO  ]       Type: IND_ALPHA
           [ INFO  ]       Quality: IND_32
           [ INFO  ]       Image size: 600 x 1200
           [ INFO  ]       Block size: 1024 x 2048
           [ INFO  ]       Number of blocks: 1 x 1
           [ INFO  ]       Spare (Right | Down): 424 x 848
                        }
[21:59:27] [  END  ]    Surface created [Elapsed time = 0.008 seg]
[21:59:27] [ BEGIN ]    -- Freeing image --
                        {
           [ INFO  ]       File name: ../SpaceGame/resources/Spaceship_with_motor/1.png
                        }
[21:59:27] [  END  ]    Ok [Elapsed time = 0 seg]
[21:59:27] [ BEGIN ]    -- Creating surface --
                        {
           [ INFO  ]       From image: ../SpaceGame/resources/Spaceship_with_motor/2.png
           [ INFO  ]       Type: IND_ALPHA
           [ INFO  ]       Quality: IND_32
           [ INFO  ]       Image size: 600 x 1200
           [ INFO  ]       Block size: 1024 x 2048
           [ INFO  ]       Number of blocks: 1 x 1
           [ INFO  ]       Spare (Right | Down): 424 x 848
                        }
[21:59:27] [  END  ]    Surface created [Elapsed time = 0.008 seg]
[21:59:27] [ BEGIN ]    -- Freeing image --
                        {
           [ INFO  ]       File name: ../SpaceGame/resources/Spaceship_with_motor/2.png
                        }
[21:59:27] [  END  ]    Ok [Elapsed time = 0 seg]
[21:59:27] [ BEGIN ]    -- Creating surface --
                        {
           [ INFO  ]       From image: ../SpaceGame/resources/Spaceship_with_motor/3.png
           [ INFO  ]       Type: IND_ALPHA
           [ INFO  ]       Quality: IND_32
           [ INFO  ]       Image size: 600 x 1200
           [ INFO  ]       Block size: 1024 x 2048
           [ INFO  ]       Number of blocks: 1 x 1
           [ INFO  ]       Spare (Right | Down): 424 x 848
                        }
[21:59:27] [  END  ]    Surface created [Elapsed time = 0.008 seg]
[21:59:27] [ BEGIN ]    -- Freeing image --
                        {
           [ INFO  ]       File name: ../SpaceGame/resources/Spaceship_with_motor/3.png
                        }
[21:59:27] [  END  ]    Ok [Elapsed time = 0.001 seg]
[21:59:27] [ BEGIN ]    -- Creating surface --
                        {
           [ INFO  ]       From image: ../SpaceGame/resources/Spaceship_with_motor/4.png
           [ INFO  ]       Type: IND_ALPHA
           [ INFO  ]       Quality: IND_32
           [ INFO  ]       Image size: 600 x 1200
           [ INFO  ]       Block size: 1024 x 2048
           [ INFO  ]       Number of blocks: 1 x 1
           [ INFO  ]       Spare (Right | Down): 424 x 848
                        }
[21:59:27] [  END  ]    Surface created [Elapsed time = 0.008 seg]
[21:59:27] [ BEGIN ]    -- Freeing image --
                        {
           [ INFO  ]       File name: ../SpaceGame/resources/Spaceship_with_motor/4.png
                        }
[21:59:27] [  END  ]    Ok [Elapsed time = 0 seg]
[21:59:27] [ BEGIN ]    -- Creating surface --
                        {
           [ INFO  ]       From image: ../SpaceGame/resources/Spaceship_with_motor/5.png
           [ INFO  ]       Type: IND_ALPHA
           [ INFO  ]       Quality: IND_32
           [ INFO  ]       Image size: 600 x 1200
           [ INFO  ]       Block size: 1024 x 2048
           [ INFO  ]       Number of blocks: 1 x 1
           [ INFO  ]       Spare (Right | Down): 424 x 848
                        }
[21:59:27] [  END  ]    Surface created [Elapsed time = 0.008 seg]
[21:59:27] [ BEGIN ]    -- Freeing image --
                        {
           [ INFO  ]       File name: ../SpaceGame/resources/Spaceship_with_motor/5.png
                        }
[21:59:27] [  END  ]    Ok [Elapsed time = 0 seg]
[21:59:27] [ BEGIN ]    -- Creating surface --
                        {
           [ INFO  ]       From image: ../SpaceGame/resources/Spaceship_with_motor/6.png
           [ INFO  ]       Type: IND_ALPHA
           [ INFO  ]       Quality: IND_32
           [ INFO  ]       Image size: 600 x 1200
           [ INFO  ]       Block size: 1024 x 2048
           [ INFO  ]       Number of blocks: 1 x 1
           [ INFO  ]       Spare (Right | Down): 424 x 848
                        }
[21:59:27] [  END  ]    Surface created [Elapsed time = 0.008 seg]
[21:59:27] [ BEGIN ]    -- Freeing image --
                        {
           [ INFO  ]       File name: ../SpaceGame/resources/Spaceship_with_motor/6.png
                        }
[21:59:27] [  END  ]    Ok [Elapsed time = 0.001 seg]
[21:59:27] [ BEGIN ]    -- Creating surface --
                        {
           [ INFO  ]       From image: ../SpaceGame/resources/Spaceship_with_motor/7.png
           [ INFO  ]       Type: IND_ALPHA
           [ INFO  ]       Quality: IND_32
           [ INFO  ]       Image size: 600 x 1200
           [ INFO  ]       Block size: 1024 x 2048
           [ INFO  ]       Number of blocks: 1 x 1
           [ INFO  ]       Spare (Right | Down): 424 x 848
                        }
[21:59:27] [  END  ]    Surface created [Elapsed time = 0.007 seg]
[21:59:27] [ BEGIN ]    -- Freeing image --
                        {
           [ INFO  ]       File name: ../SpaceGame/resources/Spaceship_with_motor/7.png
                        }
[21:59:27] [  END  ]    Ok [Elapsed time = 0.001 seg]
[21:59:27] [ BEGIN ]    -- Creating surface --
                        {
           [ INFO  ]       From image: ../SpaceGame/resources/Spaceship_with_motor/8.png
           [ INFO  ]       Type: IND_ALPHA
           [ INFO  ]       Quality: IND_32
           [ INFO  ]       Image size: 600 x 1200
           [ INFO  ]       Block size: 1024 x 2048
           [ INFO  ]       Number of blocks: 1 x 1
           [ INFO  ]       Spare (Right | Down): 424 x 848
                        }
[21:59:27] [  END  ]    Surface created [Elapsed time = 0.008 seg]
[21:59:27] [ BEGIN ]    -- Freeing image --
                        {
           [ INFO  ]       File name: ../SpaceGame/resources/Spaceship_with_motor/8.png
                        }
[21:59:27] [  END  ]    Ok [Elapsed time = 0 seg]
[21:59:27] [ BEGIN ]    -- Creating surface --
                        {
           [ INFO  ]       From image: ../SpaceGame/resources/Spaceship_with_motor/9.png
           [ INFO  ]       Type: IND_ALPHA
           [ INFO  ]       Quality: IND_32
           [ INFO  ]       Image size: 600 x 1200
           [ INFO  ]       Block size: 1024 x 2048
           [ INFO  ]       Number of blocks: 1 x 1
           [ INFO  ]       Spare (Right | Down): 424 x 848
                        }
[21:59:27] [  END  ]    Surface created [Elapsed time = 0.008 seg]
[21:59:27] [ BEGIN ]    -- Freeing image --
                        {
           [ INFO  ]       File name: ../SpaceGame/resources/Spaceship_with_motor/9.png
                        }
[21:59:27] [  END  ]    Ok [Elapsed time = 0 seg]
[21:59:27] [ BEGIN ]    -- Creating surface --
                        {
           [ INFO  ]       From image: ../SpaceGame/resources/Spaceship_with_motor/10.png
           [ INFO  ]       Type: IND_ALPHA
           [ INFO  ]       Quality: IND_32
           [ INFO  ]       Image size: 600 x 1200
           [ INFO  ]       Block size: 1024 x 2048
           [ INFO  ]       Number of blocks: 1 x 1
           [ INFO  ]       Spare (Right | Down): 424 x 848
                        }
[21:59:27] [  END  ]    Surface created [Elapsed time = 0.008 seg]
[21:59:27] [ BEGIN ]    -- Freeing image --
                        {
           [ INFO  ]       File name: ../SpaceGame/resources/Spaceship_with_motor/10.png
                        }
[21:59:27] [  END  ]    Ok [Elapsed time = 0.001 seg]
[21:59:27] [ BEGIN ]    -- Creating surface --
                        {
           [ INFO  ]       From image: ../SpaceGame/resources/Spaceship_with_motor/11.png
           [ INFO  ]       Type: IND_ALPHA
           [ INFO  ]       Quality: IND_32
           [ INFO  ]       Image size: 600 x 1200
           [ INFO  ]       Block size: 1024 x 2048
           [ INFO  ]       Number of blocks: 1 x 1
           [ INFO  ]       Spare (Right | Down): 424 x 848
                        }
[21:59:27] [  END  ]    Surface created [Elapsed time = 0.008 seg]
[21:59:27] [ BEGIN ]    -- Freeing image --
                        {
           [ INFO  ]       File name: ../SpaceGame/resources/Spaceship_with_motor/11.png
                        }
[21:59:27] [  END  ]    Ok [Elapsed time = 0 seg]
[21:59:27] [ BEGIN ]    -- Creating surface --
                        {
           [ INFO  ]       From image: ../SpaceGame/resources/Spaceship_with_motor/12.png
           [ INFO  ]       Type: IND_ALPHA
           [ INFO  ]       Quality: IND_32
           [ INFO  ]       Image size: 600 x 1200
           [ INFO  ]       Block size: 1024 x 2048
           [ INFO  ]       Number of blocks: 1 x 1
           [ INFO  ]       Spare (Right | Down): 424 x 848
                        }
[21:59:27] [  END  ]    Surface created [Elapsed time = 0.009 seg]
[21:59:27] [ BEGIN ]    -- Freeing image --
                        {
           [ INFO  ]       File name: ../SpaceGame/resources/Spaceship_with_motor/12.png
                        }
[21:59:27] [  END  ]    Ok [Elapsed time = 0 seg]
[21:59:27] [ BEGIN ]    -- Creating surface --
                        {
           [ INFO  ]       From image: ../SpaceGame/resources/Spaceship_with_motor/13.png
           [ INFO  ]       Type: IND_ALPHA
           [ INFO  ]       Quality: IND_32
           [ INFO  ]       Image size: 600 x 1200
           [ INFO  ]       Block size: 1024 x 2048
           [ INFO  ]       Number of blocks: 1 x 1
           [ INFO  ]       Spare (Right | Down): 424 x 848
                        }
[21:59:27] [  END  ]    Surface created [Elapsed time = 0.009 seg]
[21:59:27] [ BEGIN ]    -- Freeing image --
                        {
           [ INFO  ]       File name: ../SpaceGame/resources/Spaceship_with_motor/13.png
                        }
[21:59:27] [  END  ]    Ok [Elapsed time = 0 seg]
[21:59:27] [ BEGIN ]    -- Creating surface --
                        {
           [ INFO  ]       From image: ../SpaceGame/resources/Spaceship_with_motor/14.png
           [ INFO  ]       Type: IND_ALPHA
           [ INFO  ]       Quality: IND_32
           [ INFO  ]       Image size: 600 x 1200
           [ INFO  ]       Block size: 1024 x 2048
           [ INFO  ]       Number of blocks: 1 x 1
           [ INFO  ]       Spare (Right | Down): 424 x 848
                        }
[21:59:27] [  END  ]    Surface created [Elapsed time = 0.01 seg]
[21:59:27] [ BEGIN ]    -- Freeing image --
                        {
           [ INFO  ]       File name: ../SpaceGame/resources/Spaceship_with_motor/14.png
                        }
[21:59:27] [  END  ]    Ok [Elapsed time = 0 seg]
[21:59:27] [ BEGIN ]    -- Creating surface --
                        {
           [ INFO  ]       From image: ../SpaceGame/resources/Spaceship_with_motor/15.png
           [ INFO  ]       Type: IND_ALPHA
           [ INFO  ]       Quality: IND_32
           [ INFO  ]       Image size: 600 x 1200
           [ INFO  ]       Block size: 1024 x 2048
           [ INFO  ]       Number of blocks: 1 x 1
           [ INFO  ]       Spare (Right | Down): 424 x 848
                        }
[21:59:27] [  END  ]    Surface created [Elapsed time = 0.009 seg]
[21:59:27] [ BEGIN ]    -- Freeing image --
                        {
           [ INFO  ]       File name: ../SpaceGame/resources/Spaceship_with_motor/15.png
                        }
[21:59:27] [  END  ]    Ok [Elapsed time = 0 seg]
[21:59:27] [ BEGIN ]    -- Parsing and loading animation --
                        {
           [ INFO  ]       File name: ../SpaceGame/resources/animations/dust.xml
[21:59:27] [ BEGIN ]       -- Loading Image --
                           {
           [ INFO  ]          File name: ../SpaceGame/resources/animations/dust/kof2k-teleportdust01.png
           [ INFO  ]          Extension: png
           [ INFO  ]          Size: 96 x 138
           [ INFO  ]          Bpp: 3
           [ INFO  ]          Format: IND_RGB
                           }
[21:59:27] [  END  ]       Image loaded [Elapsed time = 0.001 seg]
[21:59:27] [ BEGIN ]       -- Loading Image --
                           {
           [ INFO  ]          File name: ../SpaceGame/resources/animations/dust/kof2k-teleportdust02.png
           [ INFO  ]          Extension: png
           [ INFO  ]          Size: 96 x 138
           [ INFO  ]          Bpp: 3
           [ INFO  ]          Format: IND_RGB
                           }
[21:59:27] [  END  ]       Image loaded [Elapsed time = 0 seg]
[21:59:27] [ BEGIN ]       -- Loading Image --
                           {
           [ INFO  ]          File name: ../SpaceGame/resources/animations/dust/kof2k-teleportdust03.png
           [ INFO  ]          Extension: png
           [ INFO  ]          Size: 96 x 138
           [ INFO  ]          Bpp: 3
           [ INFO  ]          Format: IND_RGB
                           }
[21:59:27] [  END  ]       Image loaded [Elapsed time = 0.001 seg]
[21:59:27] [ BEGIN ]       -- Loading Image --
                           {
           [ INFO  ]          File name: ../SpaceGame/resources/animations/dust/kof2k-teleportdust04.png
           [ INFO  ]          Extension: png
           [ INFO  ]          Size: 96 x 138
           [ INFO  ]          Bpp: 3
           [ INFO  ]          Format: IND_RGB
                           }
[21:59:27] [  END  ]       Image loaded [Elapsed time = 0.001 seg]
[21:59:27] [ BEGIN ]       -- Loading Image --
                           {
           [ INFO  ]          File name: ../SpaceGame/resources/animations/dust/kof2k-teleportdust05.png
           [ INFO  ]          Extension: png
           [ INFO  ]          Size: 96 x 138
           [ INFO  ]          Bpp: 3
           [ INFO  ]          Format: IND_RGB
                           }
[21:59:27] [  END  ]       Image loaded [Elapsed time = 0.001 seg]
[21:59:27] [ BEGIN ]       -- Loading Image --
                           {
           [ INFO  ]          File name: ../SpaceGame/resources/animations/dust/kof2k-teleportdust06.png
           [ INFO  ]          Extension: png
           [ INFO  ]          Size: 96 x 138
           [ INFO  ]          Bpp: 3
           [ INFO  ]          Format: IND_RGB
                           }
[21:59:27] [  END  ]       Image loaded [Elapsed time = 0 seg]
[21:59:27] [ BEGIN ]       -- Loading Image --
                           {
           [ INFO  ]          File name: ../SpaceGame/resources/animations/dust/kof2k-teleportdust06.png
           [ INFO  ]          Extension: png
           [ INFO  ]          Size: 96 x 138
           [ INFO  ]          Bpp: 3
           [ INFO  ]          Format: IND_RGB
                           }
[21:59:27] [  END  ]       Image loaded [Elapsed time = 0.001 seg]
[21:59:27] [ BEGIN ]       -- Loading Image --
                           {
           [ INFO  ]          File name: ../SpaceGame/resources/animations/dust/kof2k-teleportdust07.png
           [ INFO  ]          Extension: png
           [ INFO  ]          Size: 96 x 138
           [ INFO  ]          Bpp: 3
           [ INFO  ]          Format: IND_RGB
                           }
[21:59:27] [  END  ]       Image loaded [Elapsed time = 0.001 seg]
[21:59:27] [ BEGIN ]       -- Loading Image --
                           {
           [ INFO  ]          File name: ../SpaceGame/resources/animations/dust/kof2k-teleportdust08.png
           [ INFO  ]          Extension: png
           [ INFO  ]          Size: 96 x 138
           [ INFO  ]          Bpp: 3
           [ INFO  ]          Format: IND_RGB
                           }
[21:59:27] [  END  ]       Image loaded [Elapsed time = 0 seg]
[21:59:27] [ BEGIN ]       -- Loading Image --
                           {
           [ INFO  ]          File name: ../SpaceGame/resources/animations/dust/kof2k-teleportdust09.png
           [ INFO  ]          Extension: png
           [ INFO  ]          Size: 96 x 138
           [ INFO  ]          Bpp: 3
           [ INFO  ]          Format: IND_RGB
                           }
[21:59:27] [  END  ]       Image loaded [Elapsed time = 0.001 seg]
[21:59:27] [ BEGIN ]       -- Loading Image --
                           {
           [ INFO  ]          File name: ../SpaceGame/resources/animations/dust/kof2k-teleportdust10.png
           [ INFO  ]          Extension: png
           [ INFO  ]          Size: 96 x 138
           [ INFO  ]          Bpp: 3
           [ INFO  ]          Format: IND_RGB
                           }
[21:59:27] [  END  ]       Image loaded [Elapsed time = 0.001 seg]
[21:59:27] [ BEGIN ]       -- Loading Image --
                           {
           [ INFO  ]          File name: ../SpaceGame/resources/animations/dust/kof2k-teleportdust11.png
           [ INFO  ]          Extension: png
           [ INFO  ]          Size: 96 x 138
           [ INFO  ]          Bpp: 3
           [ INFO  ]          Format: IND_RGB
                           }
[21:59:27] [  END  ]       Image loaded [Elapsed time = 0 seg]
[21:59:27] [ BEGIN ]       -- Loading Image --
                           {
           [ INFO  ]          File name: ../SpaceGame/resources/animations/dust/kof2k-teleportdust12.png
           [ INFO  ]          Extension: png
           [ INFO  ]          Size: 96 x 138
           [ INFO  ]          Bpp: 3
           [ INFO  ]          Format: IND_RGB
                           }
[21:59:27] [  END  ]       Image loaded [Elapsed time = 0.001 seg]
                        }
[21:59:27] [  END  ]    Animation parsed and loaded [Elapsed time = 0.009 seg]
[21:59:27] [ BEGIN ]    -- Creating surface --
                        {
           [ INFO  ]       From image: ../SpaceGame/resources/animations/dust/kof2k-teleportdust01.png
           [ INFO  ]       Type: IND_ALPHA
           [ INFO  ]       Quality: IND_32
           [ INFO  ]       Image size: 96 x 138
           [ INFO  ]       Block size: 128 x 256
           [ INFO  ]       Number of blocks: 1 x 1
           [ INFO  ]       Spare (Right | Down): 32 x 118
                        }
[21:59:27] [  END  ]    Surface created [Elapsed time = 0 seg]
[21:59:27] [ BEGIN ]    -- Freeing image --
                        {
           [ INFO  ]       File name: ../SpaceGame/resources/animations/dust/kof2k-teleportdust01.png
                        }
[21:59:27] [  END  ]    Ok [Elapsed time = 0 seg]
[21:59:27] [ BEGIN ]    -- Creating surface --
                        {
           [ INFO  ]       From image: ../SpaceGame/resources/animations/dust/kof2k-teleportdust02.png
           [ INFO  ]       Type: IND_ALPHA
           [ INFO  ]       Quality: IND_32
           [ INFO  ]       Image size: 96 x 138
           [ INFO  ]       Block size: 128 x 256
           [ INFO  ]       Number of blocks: 1 x 1
           [ INFO  ]       Spare (Right | Down): 32 x 118
                        }
[21:59:27] [  END  ]    Surface created [Elapsed time = 0.001 seg]
[21:59:27] [ BEGIN ]    -- Freeing image --
                        {
           [ INFO  ]       File name: ../SpaceGame/resources/animations/dust/kof2k-teleportdust02.png
                        }
[21:59:27] [  END  ]    Ok [Elapsed time = 0 seg]
[21:59:27] [ BEGIN ]    -- Creating surface --
                        {
           [ INFO  ]       From image: ../SpaceGame/resources/animations/dust/kof2k-teleportdust03.png
           [ INFO  ]       Type: IND_ALPHA
           [ INFO  ]       Quality: IND_32
           [ INFO  ]       Image size: 96 x 138
           [ INFO  ]       Block size: 128 x 256
           [ INFO  ]       Number of blocks: 1 x 1
           [ INFO  ]       Spare (Right | Down): 32 x 118
                        }
[21:59:27] [  END  ]    Surface created [Elapsed time = 0 seg]
[21:59:27] [ BEGIN ]    -- Freeing image --
                        {
           [ INFO  ]       File name: ../SpaceGame/resources/animations/dust/kof2k-teleportdust03.png
                        }
[21:59:27] [  END  ]    Ok [Elapsed time = 0 seg]
[21:59:27] [ BEGIN ]    -- Creating surface --
                        {
           [ INFO  ]       From image: ../SpaceGame/resources/animations/dust/kof2k-teleportdust04.png
           [ INFO  ]       Type: IND_ALPHA
           [ INFO  ]       Quality: IND_32
           [ INFO  ]       Image size: 96 x 138
           [ INFO  ]       Block size: 128 x 256
           [ INFO  ]       Number of blocks: 1 x 1
           [ INFO  ]       Spare (Right | Down): 32 x 118
                        }
[21:59:27] [  END  ]    Surface created [Elapsed time = 0 seg]
[21:59:27] [ BEGIN ]    -- Freeing image --
                        {
           [ INFO  ]       File name: ../SpaceGame/resources/animations/dust/kof2k-teleportdust04.png
                        }
[21:59:27] [  END  ]    Ok [Elapsed time = 0 seg]
[21:59:27] [ BEGIN ]    -- Creating surface --
                        {
           [ INFO  ]       From image: ../SpaceGame/resources/animations/dust/kof2k-teleportdust05.png
           [ INFO  ]       Type: IND_ALPHA
           [ INFO  ]       Quality: IND_32
           [ INFO  ]       Image size: 96 x 138
           [ INFO  ]       Block size: 128 x 256
           [ INFO  ]       Number of blocks: 1 x 1
           [ INFO  ]       Spare (Right | Down): 32 x 118
                        }
[21:59:27] [  END  ]    Surface created [Elapsed time = 0 seg]
[21:59:27] [ BEGIN ]    -- Freeing image --
                        {
           [ INFO  ]       File name: ../SpaceGame/resources/animations/dust/kof2k-teleportdust05.png
                        }
[21:59:27] [  END  ]    Ok [Elapsed time = 0 seg]
[21:59:27] [ BEGIN ]    -- Creating surface --
                        {
           [ INFO  ]       From image: ../SpaceGame/resources/animations/dust/kof2k-teleportdust06.png
           [ INFO  ]       Type: IND_ALPHA
           [ INFO  ]       Quality: IND_32
           [ INFO  ]       Image size: 96 x 138
           [ INFO  ]       Block size: 128 x 256
           [ INFO  ]       Number of blocks: 1 x 1
           [ INFO  ]       Spare (Right | Down): 32 x 118
                        }
[21:59:27] [  END  ]    Surface created [Elapsed time = 0 seg]
[21:59:27] [ BEGIN ]    -- Freeing image --
                        {
           [ INFO  ]       File name: ../SpaceGame/resources/animations/dust/kof2k-teleportdust06.png
                        }
[21:59:27] [  END  ]    Ok [Elapsed time = 0 seg]
[21:59:27] [ BEGIN ]    -- Creating surface --
                        {
           [ INFO  ]       From image: ../SpaceGame/resources/animations/dust/kof2k-teleportdust06.png
           [ INFO  ]       Type: IND_ALPHA
           [ INFO  ]       Quality: IND_32
           [ INFO  ]       Image size: 96 x 138
           [ INFO  ]       Block size: 128 x 256
           [ INFO  ]       Number of blocks: 1 x 1
           [ INFO  ]       Spare (Right | Down): 32 x 118
                        }
[21:59:27] [  END  ]    Surface created [Elapsed time = 0.001 seg]
[21:59:27] [ BEGIN ]    -- Freeing image --
                        {
           [ INFO  ]       File name: ../SpaceGame/resources/animations/dust/kof2k-teleportdust06.png
                        }
[21:59:27] [  END  ]    Ok [Elapsed time = 0 seg]
[21:59:27] [ BEGIN ]    -- Creating surface --
                        {
           [ INFO  ]       From image: ../SpaceGame/resources/animations/dust/kof2k-teleportdust07.png
           [ INFO  ]       Type: IND_ALPHA
           [ INFO  ]       Quality: IND_32
           [ INFO  ]       Image size: 96 x 138
           [ INFO  ]       Block size: 128 x 256
           [ INFO  ]       Number of blocks: 1 x 1
           [ INFO  ]       Spare (Right | Down): 32 x 118
                        }
[21:59:27] [  END  ]    Surface created [Elapsed time = 0 seg]
[21:59:27] [ BEGIN ]    -- Freeing image --
                        {
           [ INFO  ]       File name: ../SpaceGame/resources/animations/dust/kof2k-teleportdust07.png
                        }
[21:59:27] [  END  ]    Ok [Elapsed time = 0 seg]
[21:59:27] [ BEGIN ]    -- Creating surface --
                        {
           [ INFO  ]       From image: ../SpaceGame/resources/animations/dust/kof2k-teleportdust08.png
           [ INFO  ]       Type: IND_ALPHA
           [ INFO  ]       Quality: IND_32
           [ INFO  ]       Image size: 96 x 138
           [ INFO  ]       Block size: 128 x 256
           [ INFO  ]       Number of blocks: 1 x 1
           [ INFO  ]       Spare (Right | Down): 32 x 118
                        }
[21:59:27] [  END  ]    Surface created [Elapsed time = 0 seg]
[21:59:27] [ BEGIN ]    -- Freeing image --
                        {
           [ INFO  ]       File name: ../SpaceGame/resources/animations/dust/kof2k-teleportdust08.png
                        }
[21:59:27] [  END  ]    Ok [Elapsed time = 0 seg]
[21:59:27] [ BEGIN ]    -- Creating surface --
                        {
           [ INFO  ]       From image: ../SpaceGame/resources/animations/dust/kof2k-teleportdust09.png
           [ INFO  ]       Type: IND_ALPHA
           [ INFO  ]       Quality: IND_32
           [ INFO  ]       Image size: 96 x 138
           [ INFO  ]       Block size: 128 x 256
           [ INFO  ]       Number of blocks: 1 x 1
           [ INFO  ]       Spare (Right | Down): 32 x 118
                        }
[21:59:27] [  END  ]    Surface created [Elapsed time = 0 seg]
[21:59:27] [ BEGIN ]    -- Freeing image --
                        {
           [ INFO  ]       File name: ../SpaceGame/resources/animations/dust/kof2k-teleportdust09.png
                        }
[21:59:27] [  END  ]    Ok [Elapsed time = 0 seg]
[21:59:27] [ BEGIN ]    -- Creating surface --
                        {
           [ INFO  ]       From image: ../SpaceGame/resources/animations/dust/kof2k-teleportdust10.png
           [ INFO  ]       Type: IND_ALPHA
           [ INFO  ]       Quality: IND_32
           [ INFO  ]       Image size: 96 x 138
           [ INFO  ]       Block size: 128 x 256
           [ INFO  ]       Number of blocks: 1 x 1
           [ INFO  ]       Spare (Right | Down): 32 x 118
                        }
[21:59:27] [  END  ]    Surface created [Elapsed time = 0 seg]
[21:59:27] [ BEGIN ]    -- Freeing image --
                        {
           [ INFO  ]       File name: ../SpaceGame/resources/animations/dust/kof2k-teleportdust10.png
                        }
[21:59:27] [  END  ]    Ok [Elapsed time = 0 seg]
[21:59:27] [ BEGIN ]    -- Creating surface --
                        {
           [ INFO  ]       From image: ../SpaceGame/resources/animations/dust/kof2k-teleportdust11.png
           [ INFO  ]       Type: IND_ALPHA
           [ INFO  ]       Quality: IND_32
           [ INFO  ]       Image size: 96 x 138
           [ INFO  ]       Block size: 128 x 256
           [ INFO  ]       Number of blocks: 1 x 1
           [ INFO  ]       Spare (Right | Down): 32 x 118
                        }
[21:59:27] [  END  ]    Surface created [Elapsed time = 0.001 seg]
[21:59:27] [ BEGIN ]    -- Freeing image --
                        {
           [ INFO  ]       File name: ../SpaceGame/resources/animations/dust/kof2k-teleportdust11.png
                        }
[21:59:27] [  END  ]    Ok [Elapsed time = 0 seg]
[21:59:27] [ BEGIN ]    -- Creating surface --
                        {
           [ INFO  ]       From image: ../SpaceGame/resources/animations/dust/kof2k-teleportdust12.png
           [ INFO  ]       Type: IND_ALPHA
           [ INFO  ]       Quality: IND_32
           [ INFO  ]       Image size: 96 x 138
           [ INFO  ]       Block size: 128 x 256
           [ INFO  ]       Number of blocks: 1 x 1
           [ INFO  ]       Spare (Right | Down): 32 x 118
                        }
[21:59:27] [  END  ]    Surface created [Elapsed time = 0 seg]
[21:59:27] [ BEGIN ]    -- Freeing image --
                        {
           [ INFO  ]       File name: ../SpaceGame/resources/animations/dust/kof2k-teleportdust12.png
                        }
[21:59:27] [  END  ]    Ok [Elapsed time = 0 seg]
[21:59:27] [ BEGIN ]    -- Loading Image --
                        {
           [ INFO  ]       File name: ../SpaceGame/resources/font_big.png
           [ INFO  ]       Extension: png
           [ INFO  ]       Size: 512 x 512
           [ INFO  ]       Bpp: 4
           [ INFO  ]       Format: IND_RGBA
                        }
[21:59:27] [  END  ]    Image loaded [Elapsed time = 0.009 seg]
[21:59:27] [ BEGIN ]    -- Parsing and loading font --
                        {
           [ INFO  ]       File name: ../SpaceGame/resources/font_big.xml
[21:59:27] [ BEGIN ]       -- Creating surface --
                           {
           [ INFO  ]          From image: ../SpaceGame/resources/font_big.png
           [ INFO  ]          Type: IND_ALPHA
           [ INFO  ]          Quality: IND_32
           [ INFO  ]          Image size: 512 x 512
           [ INFO  ]          Block size: 512 x 512
           [ INFO  ]          Number of blocks: 1 x 1
           [ INFO  ]          Spare (Right | Down): 0 x 0
                           }
[21:59:27] [  END  ]       Surface created [Elapsed time = 0.002 seg]
                        }
[21:59:27] [  END  ]    Font parsed and loaded [Elapsed time = 0.003 seg]
[21:59:27] [ BEGIN ]    -- Freeing image --
                        {
           [ INFO  ]       File name: ../SpaceGame/resources/font_big.png
                        }
[21:59:27] [  END  ]    Ok [Elapsed time = 0 seg]
[21:59:27] [ BEGIN ]    -- Adding 2d entity --
                        {
           [ INFO  ]       Name: 0
                        }
[21:59:27] [  END  ]    2d entity added [Elapsed time = 0 seg]
[21:59:27] [ BEGIN ]    -- Adding 2d entity --
                        {
           [ INFO  ]       Name: 1
                        }
[21:59:27] [  END  ]    2d entity added [Elapsed time = 0 seg]
[21:59:27] [ BEGIN ]    -- Adding 2d entity --
                        {
           [ INFO  ]       Name: 2
                        }
[21:59:27] [  END  ]    2d entity added [Elapsed time = 0 seg]
[21:59:27] [ BEGIN ]    -- Adding 2d entity --
                        {
           [ INFO  ]       Name: 3
                        }
[21:59:27] [  END  ]    2d entity added [Elapsed time = 0 seg]
[21:59:27] [ BEGIN ]    -- Adding 2d entity --
                        {
           [ INFO  ]       Name: 4
                        }
[21:59:27] [  END  ]    2d entity added [Elapsed time = 0 seg]
[21:59:27] [ BEGIN ]    -- Adding 2d entity --
                        {
           [ INFO  ]       Name: 5
                        }
[21:59:27] [  END  ]    2d entity added [Elapsed time = 0 seg]
[21:59:27] [ BEGIN ]    -- Adding 2d entity --
                        {
           [ INFO  ]       Name: 6
                        }
[21:59:27] [  END  ]    2d entity added [Elapsed time = 0 seg]
[21:59:27] [ BEGIN ]    -- Adding 2d entity --
                        {
           [ INFO  ]       Name: 7
                        }
[21:59:27] [  END  ]    2d entity added [Elapsed time = 0 seg]
[21:59:27] [ BEGIN ]    -- Adding 2d entity --
                        {
           [ INFO  ]       Name: 8
                        }
[21:59:27] [  END  ]    2d entity added [Elapsed time = 0 seg]
[21:59:27] [ BEGIN ]    -- Adding 2d entity --
                        {
           [ INFO  ]       Name: 9
                        }
[21:59:27] [  END  ]    2d entity added [Elapsed time = 0 seg]
[21:59:27] [ BEGIN ]    -- Adding 2d entity --
                        {
           [ INFO  ]       Name: 10
                        }
[21:59:27] [  END  ]    2d entity added [Elapsed time = 0 seg]
[21:59:27] [ BEGIN ]    -- Loading Image --
                        {
           [ INFO  ]       File name: ../SpaceGame/resources/doge_rocket.png
           [ INFO  ]       Extension: png
           [ INFO  ]       Size: 350 x 650
           [ INFO  ]       Bpp: 4
           [ INFO  ]       Format: IND_RGBA
                        }
[21:59:27] [  END  ]    Image loaded [Elapsed time = 0.011 seg]
[21:59:27] [ BEGIN ]    -- Creating surface --
                        {
           [ INFO  ]       From image: ../SpaceGame/resources/doge_rocket.png
           [ INFO  ]       Type: IND_ALPHA
           [ INFO  ]       Quality: IND_32
           [ INFO  ]       Image size: 350 x 650
           [ INFO  ]       Block size: 512 x 1024
           [ INFO  ]       Number of blocks: 1 x 1
           [ INFO  ]       Spare (Right | Down): 162 x 374
                        }
[21:59:27] [  END  ]    Surface created [Elapsed time = 0.002 seg]
[21:59:27] [ BEGIN ]    -- Freeing image --
                        {
           [ INFO  ]       File name: ../SpaceGame/resources/doge_rocket.png
                        }
[21:59:27] [  END  ]    Ok [Elapsed time = 0 seg]
[21:59:27] [ BEGIN ]    -- Adding 2d entity --
                        {
           [ INFO  ]       Name: 11
                        }
[21:59:27] [  END  ]    2d entity added [Elapsed time = 0 seg]
[21:59:53] [ BEGIN ]    -- Finalizing Entity2dManager --
                        {
[21:59:53] [ BEGIN ]       -- Freeing 2d entities --
                           {
           [ INFO  ]          Freeing 2d entity: 0
           [ INFO  ]          Freeing 2d entity: 0
           [ INFO  ]          Freeing 2d entity: 0
           [ INFO  ]          Freeing 2d entity: 0
           [ INFO  ]          Freeing 2d entity: 0
           [ INFO  ]          Freeing 2d entity: 0
           [ INFO  ]          Freeing 2d entity: 0
           [ INFO  ]          Freeing 2d entity: 0
           [ INFO  ]          Freeing 2d entity: 0
           [ INFO  ]          Freeing 2d entity: 0
           [ INFO  ]          Freeing 2d entity: 0
           [ INFO  ]          Freeing 2d entity: 0
                           }
[21:59:53] [  END  ]       Entities freed [Elapsed time = 0 seg]
                        }
[21:59:53] [  END  ]    IND_Entity2dManager finalized [Elapsed time = 0 seg]
[21:59:53] [ BEGIN ]    -- Finalizing FontManager --
                        {
[21:59:53] [ BEGIN ]       -- Freeing fonts --
                           {
           [ INFO  ]          Freeing font: ../SpaceGame/resources/font_big.xml
[21:59:53] [ BEGIN ]          -- Freeing surface --
                              {
                              }
[21:59:53] [  END  ]          Ok [Elapsed time = 0 seg]
                           }
[21:59:53] [  END  ]       Fonts freed [Elapsed time = 0 seg]
                        }
[21:59:53] [  END  ]    FontManager finalized [Elapsed time = 0 seg]
[21:59:53] [ BEGIN ]    -- Finalizing AnimationManager --
                        {
[21:59:53] [ BEGIN ]       -- Freeing animations --
                           {
[21:59:53] [ BEGIN ]          -- Freeing animation --
                              {
           [ INFO  ]             Name: ../SpaceGame/resources/Spaceship_with_motor/Spaceship.xml
[21:59:53] [ BEGIN ]             -- Freeing surface --
                                 {
                                 }
[21:59:53] [  END  ]             Ok [Elapsed time = 0.001 seg]
[21:59:53] [ BEGIN ]             -- Freeing surface --
                                 {
                                 }
[21:59:53] [  END  ]             Ok [Elapsed time = 0.001 seg]
[21:59:53] [ BEGIN ]             -- Freeing surface --
                                 {
                                 }
[21:59:53] [  END  ]             Ok [Elapsed time = 0.001 seg]
[21:59:53] [ BEGIN ]             -- Freeing surface --
                                 {
                                 }
[21:59:53] [  END  ]             Ok [Elapsed time = 0.001 seg]
[21:59:53] [ BEGIN ]             -- Freeing surface --
                                 {
                                 }
[21:59:53] [  END  ]             Ok [Elapsed time = 0.001 seg]
[21:59:53] [ BEGIN ]             -- Freeing surface --
                                 {
                                 }
[21:59:53] [  END  ]             Ok [Elapsed time = 0.001 seg]
[21:59:53] [ BEGIN ]             -- Freeing surface --
                                 {
                                 }
[21:59:53] [  END  ]             Ok [Elapsed time = 0.001 seg]
[21:59:53] [ BEGIN ]             -- Freeing surface --
                                 {
                                 }
[21:59:53] [  END  ]             Ok [Elapsed time = 0 seg]
[21:59:53] [ BEGIN ]             -- Freeing surface --
                                 {
                                 }
[21:59:53] [  END  ]             Ok [Elapsed time = 0.001 seg]
[21:59:53] [ BEGIN ]             -- Freeing surface --
                                 {
                                 }
[21:59:53] [  END  ]             Ok [Elapsed time = 0.001 seg]
[21:59:53] [ BEGIN ]             -- Freeing surface --
                                 {
                                 }
[21:59:53] [  END  ]             Ok [Elapsed time = 0.001 seg]
[21:59:53] [ BEGIN ]             -- Freeing surface --
                                 {
                                 }
[21:59:53] [  END  ]             Ok [Elapsed time = 0.001 seg]
[21:59:53] [ BEGIN ]             -- Freeing surface --
                                 {
                                 }
[21:59:53] [  END  ]             Ok [Elapsed time = 0 seg]
[21:59:53] [ BEGIN ]             -- Freeing surface --
                                 {
                                 }
[21:59:53] [  END  ]             Ok [Elapsed time = 0.001 seg]
[21:59:53] [ BEGIN ]             -- Freeing surface --
                                 {
                                 }
[21:59:53] [  END  ]             Ok [Elapsed time = 0.001 seg]
                              }
[21:59:53] [  END  ]          Ok [Elapsed time = 0.013 seg]
[21:59:53] [ BEGIN ]          -- Freeing animation --
                              {
           [ INFO  ]             Name: ../SpaceGame/resources/animations/dust.xml
[21:59:53] [ BEGIN ]             -- Freeing surface --
                                 {
                                 }
[21:59:53] [  END  ]             Ok [Elapsed time = 0 seg]
[21:59:53] [ BEGIN ]             -- Freeing surface --
                                 {
                                 }
[21:59:53] [  END  ]             Ok [Elapsed time = 0 seg]
[21:59:53] [ BEGIN ]             -- Freeing surface --
                                 {
                                 }
[21:59:53] [  END  ]             Ok [Elapsed time = 0 seg]
[21:59:53] [ BEGIN ]             -- Freeing surface --
                                 {
                                 }
[21:59:53] [  END  ]             Ok [Elapsed time = 0 seg]
[21:59:53] [ BEGIN ]             -- Freeing surface --
                                 {
                                 }
[21:59:53] [  END  ]             Ok [Elapsed time = 0 seg]
[21:59:53] [ BEGIN ]             -- Freeing surface --
                                 {
                                 }
[21:59:53] [  END  ]             Ok [Elapsed time = 0 seg]
[21:59:53] [ BEGIN ]             -- Freeing surface --
                                 {
                                 }
[21:59:53] [  END  ]             Ok [Elapsed time = 0 seg]
[21:59:53] [ BEGIN ]             -- Freeing surface --
                                 {
                                 }
[21:59:53] [  END  ]             Ok [Elapsed time = 0 seg]
[21:59:53] [ BEGIN ]             -- Freeing surface --
                                 {
                                 }
[21:59:53] [  END  ]             Ok [Elapsed time = 0 seg]
[21:59:53] [ BEGIN ]             -- Freeing surface --
                                 {
                                 }
[21:59:53] [  END  ]             Ok [Elapsed time = 0 seg]
[21:59:53] [ BEGIN ]             -- Freeing surface --
                                 {
                                 }
[21:59:53] [  END  ]             Ok [Elapsed time = 0 seg]
[21:59:53] [ BEGIN ]             -- Freeing surface --
                                 {
                                 }
[21:59:53] [  END  ]             Ok [Elapsed time = 0 seg]
[21:59:53] [ BEGIN ]             -- Freeing surface --
                                 {
                                 }
[21:59:53] [  END  ]             Ok [Elapsed time = 0 seg]
                              }
[21:59:53] [  END  ]          Ok [Elapsed time = 0.001 seg]
                           }
[21:59:53] [  END  ]       Animations freed [Elapsed time = 0.014 seg]
                        }
[21:59:53] [  END  ]    AnimationManager finalized [Elapsed time = 0.014 seg]
[21:59:53] [ BEGIN ]    -- Finalizing SurfaceManager --
                        {
[21:59:53] [ BEGIN ]       -- Freeing surfaces --
                           {
           [ INFO  ]          Freeing surface:           [ INFO  ]          Freeing surface:           [ INFO  ]          Freeing surface:                           }
[21:59:53] [  END  ]       Surfaces freed [Elapsed time = 0.002 seg]
                        }
[21:59:53] [  END  ]    IND_SurfaceManager finalized [Elapsed time = 0.002 seg]
[21:59:53] [ BEGIN ]    -- Finalizing ImageManager --
                        {
[21:59:53] [ BEGIN ]       -- Freeing images --
                           {
                           }
[21:59:53] [  END  ]       Images freed [Elapsed time = 0 seg]
                        }
[21:59:53] [  END  ]    ImageManager finalized [Elapsed time = 0 seg]
[21:59:53] [ BEGIN ]    -- Finalizing Direct3D --
                        {
           [  OK   ]       Finalizing the Device
           [  OK   ]       Finalizing D3D object
[21:59:53] [ BEGIN ]       -- Finalizing the window --
                           {
                           }
[21:59:53] [  END  ]       Window finalized [Elapsed time = 0.009 seg]
                        }
[21:59:53] [  END  ]    Direct3D finalized  [Elapsed time = 0.023 seg]
