
                         ''~``                          
                        ( o o )                         
+------------------.oooO--(_)--Oooo.------------------+ 
|                                                     | 
|                .-------------------.                | 
|                | I N D I E  L I B  |                | 
|                .-------------------.                | 
|                    .oooO                            | 
|                    (   )   Oooo.                    | 
+---------------------\ (----(   )--------------------+
                       \_)    ) /                      
                             (_/                        
Indielib version: 0.5.1

[Init time]: (Saturday, 25 of July 2015)

[21:38:05] [ BEGIN ] -- Creating Render --
                     {
[21:38:05] [ BEGIN ]    -- Creating SDL window --
                        {
           [  OK   ]       Window created
           [ INFO  ]       Mode: Window
                        }
[21:38:05] [  END  ]    Window OK [Elapsed time = 0.012 seg]
[21:38:05] [ BEGIN ]    -- Initializing Direct3D --
                        {
           [  OK   ]       Creating D3D object
           [  OK   ]       Obtaining the adapter
           [  OK   ]       Creating the device (D3DCREATE_HARDWARE_VERTEXPROCESSING)
           [ INFO  ]       Video mode: 1366 x 768 x 32
                        }
[21:38:05] [  END  ]    Direct3D OK [Elapsed time = 0.011 seg]
[21:38:05] [ BEGIN ]    -- Hardware information --
                        {
           [ INFO  ]       Direct3D version: DXSDK November 2007
           [ INFO  ]       Mark: ?
           [ INFO  ]       Chip: Intel(R) HD Graphics
           [ INFO  ]       Primitive antialising (D3DRS_ANTIALIASEDLINEENABLE): No
           [ INFO  ]       Maximum texture size: 8192 x 8192
           [ INFO  ]       Vertex Shader: 3 . 0 
           [ INFO  ]       Pixel Shader: 3 . 0
                        }
[21:38:05] [  END  ]    Hardware Ok [Elapsed time = 0 seg]
[21:38:05] [ BEGIN ]    -- Initializing ImageManager --
                        {
           [  OK   ]       Preparing ImageManager
           [ INFO  ]       Using FreeImage version:  3.15.3
           [ INFO  ]       Copyright:  This program uses FreeImage, a free, open source image library supporting all common bitmap formats. See http://freeimage.sourceforge.net for details
                        }
[21:38:05] [  END  ]    ImageManager Initialised [Elapsed time = 0 seg]
[21:38:05] [ BEGIN ]    -- Initializing SurfaceManager --
                        {
           [  OK   ]       Checking IND_Render
           [  OK   ]       Checking IND_ImageManager
                        }
[21:38:05] [  END  ]    SurfaceManager OK [Elapsed time = 0.001 seg]
[21:38:05] [ BEGIN ]    -- Initializing AnimationManager --
                        {
           [  OK   ]       SurfaceManager Ok
           [  OK   ]       ImageManager Ok
                        }
[21:38:05] [  END  ]    AnimationManager OK [Elapsed time = 0 seg]
[21:38:05] [ BEGIN ]    -- Initializing FontManager --
                        {
           [  OK   ]       SurfaceManager Ok
           [  OK   ]       ImageManager Ok
                        }
[21:38:05] [  END  ]    FontManager OK [Elapsed time = 0 seg]
[21:38:05] [ BEGIN ]    -- Initializing Entity2dManager --
                        {
           [  OK   ]       Preparing Entity2dManager
           [  OK   ]        Checking IND_Render
                        }
[21:38:05] [  END  ]    Entity2dManager OK [Elapsed time = 0 seg]
[21:38:05] [ BEGIN ]    -- Loading Image --
                        {
           [ INFO  ]       File name: resources/Backgrounds/18.jpg
           [ INFO  ]       Extension: jpg
           [ INFO  ]       Size: 1600 x 1200
           [ INFO  ]       Bpp: 3
           [ INFO  ]       Format: IND_RGB
                        }
[21:38:06] [  END  ]    Image loaded [Elapsed time = 0.091 seg]
[21:38:06] [ BEGIN ]    -- Creating surface --
                        {
           [ INFO  ]       From image: resources/Backgrounds/18.jpg
           [  OK   ]       Image type converted to 32-bit RGB implicitly.
           [ INFO  ]       Type: IND_ALPHA
           [ INFO  ]       Quality: IND_32
           [ INFO  ]       Image size: 1600 x 1200
           [ INFO  ]       Block size: 2048 x 2048
           [ INFO  ]       Number of blocks: 1 x 1
           [ INFO  ]       Spare (Right | Down): 448 x 848
                        }
[21:38:06] [  END  ]    Surface created [Elapsed time = 0.024 seg]
[21:38:06] [ BEGIN ]    -- Freeing image --
                        {
           [ INFO  ]       File name: resources/Backgrounds/18.jpg
                        }
[21:38:06] [  END  ]    Ok [Elapsed time = 0.001 seg]
[21:38:06] [ BEGIN ]    -- Loading Image --
                        {
           [ INFO  ]       File name: resources/font_small.png
           [ INFO  ]       Extension: png
           [ INFO  ]       Size: 256 x 256
           [ INFO  ]       Bpp: 4
           [ INFO  ]       Format: IND_RGBA
                        }
[21:38:06] [  END  ]    Image loaded [Elapsed time = 0.002 seg]
[21:38:06] [ BEGIN ]    -- Parsing and loading font --
                        {
           [ INFO  ]       File name: resources/font_small.xml
[21:38:06] [ BEGIN ]       -- Creating surface --
                           {
           [ INFO  ]          From image: resources/font_small.png
           [ INFO  ]          Type: IND_ALPHA
           [ INFO  ]          Quality: IND_32
           [ INFO  ]          Image size: 256 x 256
           [ INFO  ]          Block size: 256 x 256
           [ INFO  ]          Number of blocks: 1 x 1
           [ INFO  ]          Spare (Right | Down): 0 x 0
                           }
[21:38:06] [  END  ]       Surface created [Elapsed time = 0 seg]
                        }
[21:38:06] [  END  ]    Font parsed and loaded [Elapsed time = 0.001 seg]
[21:38:06] [ BEGIN ]    -- Freeing image --
                        {
           [ INFO  ]       File name: resources/font_small.png
                        }
[21:38:06] [  END  ]    Ok [Elapsed time = 0 seg]
[21:38:06] [ BEGIN ]    -- Adding 2d entity --
                        {
           [ INFO  ]       Name: 0
                        }
[21:38:06] [  END  ]    2d entity added [Elapsed time = 0 seg]
[21:38:06] [ BEGIN ]    -- Adding 2d entity --
                        {
           [ INFO  ]       Name: 1
                        }
[21:38:06] [  END  ]    2d entity added [Elapsed time = 0 seg]
[21:38:06] [ BEGIN ]    -- Loading Image --
                        {
           [ INFO  ]       File name: resources/font_small.png
           [ INFO  ]       Extension: png
           [ INFO  ]       Size: 256 x 256
           [ INFO  ]       Bpp: 4
           [ INFO  ]       Format: IND_RGBA
                        }
[21:38:06] [  END  ]    Image loaded [Elapsed time = 0.002 seg]
[21:38:06] [ BEGIN ]    -- Parsing and loading font --
                        {
           [ INFO  ]       File name: resources/font_small.xml
[21:38:06] [ BEGIN ]       -- Creating surface --
                           {
           [ INFO  ]          From image: resources/font_small.png
           [ INFO  ]          Type: IND_ALPHA
           [ INFO  ]          Quality: IND_32
           [ INFO  ]          Image size: 256 x 256
           [ INFO  ]          Block size: 256 x 256
           [ INFO  ]          Number of blocks: 1 x 1
           [ INFO  ]          Spare (Right | Down): 0 x 0
                           }
[21:38:06] [  END  ]       Surface created [Elapsed time = 0 seg]
                        }
[21:38:06] [  END  ]    Font parsed and loaded [Elapsed time = 0.001 seg]
[21:38:06] [ BEGIN ]    -- Freeing image --
                        {
           [ INFO  ]       File name: resources/font_small.png
                        }
[21:38:06] [  END  ]    Ok [Elapsed time = 0 seg]
[21:38:06] [ BEGIN ]    -- Adding 2d entity --
                        {
           [ INFO  ]       Name: 2
                        }
[21:38:06] [  END  ]    2d entity added [Elapsed time = 0 seg]
[21:38:06] [ BEGIN ]    -- Loading Image --
                        {
           [ INFO  ]       File name: resources/planets/1.png
           [ INFO  ]       Extension: png
           [ INFO  ]       Size: 100 x 100
           [ INFO  ]       Bpp: 4
           [ INFO  ]       Format: IND_RGBA
                        }
[21:38:06] [  END  ]    Image loaded [Elapsed time = 0.002 seg]
[21:38:06] [ BEGIN ]    -- Creating surface --
                        {
           [ INFO  ]       From image: resources/planets/1.png
           [ INFO  ]       Type: IND_ALPHA
           [ INFO  ]       Quality: IND_32
           [ INFO  ]       Image size: 100 x 100
           [ INFO  ]       Block size: 128 x 128
           [ INFO  ]       Number of blocks: 1 x 1
           [ INFO  ]       Spare (Right | Down): 28 x 28
                        }
[21:38:06] [  END  ]    Surface created [Elapsed time = 0 seg]
[21:38:06] [ BEGIN ]    -- Freeing image --
                        {
           [ INFO  ]       File name: resources/planets/1.png
                        }
[21:38:06] [  END  ]    Ok [Elapsed time = 0 seg]
[21:38:06] [ BEGIN ]    -- Adding 2d entity --
                        {
           [ INFO  ]       Name: 3
                        }
[21:38:06] [  END  ]    2d entity added [Elapsed time = 0 seg]
[21:38:06] [ BEGIN ]    -- Loading Image --
                        {
           [ INFO  ]       File name: resources/font_small.png
           [ INFO  ]       Extension: png
           [ INFO  ]       Size: 256 x 256
           [ INFO  ]       Bpp: 4
           [ INFO  ]       Format: IND_RGBA
                        }
[21:38:06] [  END  ]    Image loaded [Elapsed time = 0.002 seg]
[21:38:06] [ BEGIN ]    -- Parsing and loading font --
                        {
           [ INFO  ]       File name: resources/font_small.xml
[21:38:06] [ BEGIN ]       -- Creating surface --
                           {
           [ INFO  ]          From image: resources/font_small.png
           [ INFO  ]          Type: IND_ALPHA
           [ INFO  ]          Quality: IND_32
           [ INFO  ]          Image size: 256 x 256
           [ INFO  ]          Block size: 256 x 256
           [ INFO  ]          Number of blocks: 1 x 1
           [ INFO  ]          Spare (Right | Down): 0 x 0
                           }
[21:38:06] [  END  ]       Surface created [Elapsed time = 0 seg]
                        }
[21:38:06] [  END  ]    Font parsed and loaded [Elapsed time = 0.001 seg]
[21:38:06] [ BEGIN ]    -- Freeing image --
                        {
           [ INFO  ]       File name: resources/font_small.png
                        }
[21:38:06] [  END  ]    Ok [Elapsed time = 0 seg]
[21:38:06] [ BEGIN ]    -- Adding 2d entity --
                        {
           [ INFO  ]       Name: 4
                        }
[21:38:06] [  END  ]    2d entity added [Elapsed time = 0 seg]
[21:38:06] [ BEGIN ]    -- Loading Image --
                        {
           [ INFO  ]       File name: resources/Spaceship with motor new/1.png
           [ INFO  ]       Extension: png
           [ INFO  ]       Size: 600 x 1200
           [ INFO  ]       Bpp: 4
           [ INFO  ]       Format: IND_RGBA
                        }
[21:38:06] [  END  ]    Image loaded [Elapsed time = 0.015 seg]
[21:38:06] [ BEGIN ]    -- Creating surface --
                        {
           [ INFO  ]       From image: resources/Spaceship with motor new/1.png
           [ INFO  ]       Type: IND_ALPHA
           [ INFO  ]       Quality: IND_32
           [ INFO  ]       Image size: 600 x 1200
           [ INFO  ]       Block size: 1024 x 2048
           [ INFO  ]       Number of blocks: 1 x 1
           [ INFO  ]       Spare (Right | Down): 424 x 848
                        }
[21:38:06] [  END  ]    Surface created [Elapsed time = 0.008 seg]
[21:38:06] [ BEGIN ]    -- Freeing image --
                        {
           [ INFO  ]       File name: resources/Spaceship with motor new/1.png
                        }
[21:38:06] [  END  ]    Ok [Elapsed time = 0 seg]
[21:38:06] [ BEGIN ]    -- Parsing and loading animation --
                        {
           [ INFO  ]       File name: resources/Spaceship with motor new/Ship_advance.xml
[21:38:06] [ BEGIN ]       -- Loading Image --
                           {
           [ INFO  ]          File name: ../SpaceGame/resources/Spaceship with motor new/1.png
           [ INFO  ]          Extension: png
           [ INFO  ]          Size: 600 x 1200
           [ INFO  ]          Bpp: 4
           [ INFO  ]          Format: IND_RGBA
                           }
[21:38:06] [  END  ]       Image loaded [Elapsed time = 0.015 seg]
[21:38:06] [ BEGIN ]       -- Loading Image --
                           {
           [ INFO  ]          File name: ../SpaceGame/resources/Spaceship with motor new/2.png
           [ INFO  ]          Extension: png
           [ INFO  ]          Size: 600 x 1200
           [ INFO  ]          Bpp: 4
           [ INFO  ]          Format: IND_RGBA
                           }
[21:38:06] [  END  ]       Image loaded [Elapsed time = 0.015 seg]
[21:38:06] [ BEGIN ]       -- Loading Image --
                           {
           [ INFO  ]          File name: ../SpaceGame/resources/Spaceship with motor new/3.png
           [ INFO  ]          Extension: png
           [ INFO  ]          Size: 600 x 1200
           [ INFO  ]          Bpp: 4
           [ INFO  ]          Format: IND_RGBA
                           }
[21:38:06] [  END  ]       Image loaded [Elapsed time = 0.015 seg]
[21:38:06] [ BEGIN ]       -- Loading Image --
                           {
           [ INFO  ]          File name: ../SpaceGame/resources/Spaceship with motor new/4.png
           [ INFO  ]          Extension: png
           [ INFO  ]          Size: 600 x 1200
           [ INFO  ]          Bpp: 4
           [ INFO  ]          Format: IND_RGBA
                           }
[21:38:06] [  END  ]       Image loaded [Elapsed time = 0.015 seg]
[21:38:06] [ BEGIN ]       -- Loading Image --
                           {
           [ INFO  ]          File name: ../SpaceGame/resources/Spaceship with motor new/5.png
           [ INFO  ]          Extension: png
           [ INFO  ]          Size: 600 x 1200
           [ INFO  ]          Bpp: 4
           [ INFO  ]          Format: IND_RGBA
                           }
[21:38:06] [  END  ]       Image loaded [Elapsed time = 0.015 seg]
[21:38:06] [ BEGIN ]       -- Loading Image --
                           {
           [ INFO  ]          File name: ../SpaceGame/resources/Spaceship with motor new/6.png
           [ INFO  ]          Extension: png
           [ INFO  ]          Size: 600 x 1200
           [ INFO  ]          Bpp: 4
           [ INFO  ]          Format: IND_RGBA
                           }
[21:38:06] [  END  ]       Image loaded [Elapsed time = 0.016 seg]
[21:38:06] [ BEGIN ]       -- Loading Image --
                           {
           [ INFO  ]          File name: ../SpaceGame/resources/Spaceship with motor new/7.png
           [ INFO  ]          Extension: png
           [ INFO  ]          Size: 600 x 1200
           [ INFO  ]          Bpp: 4
           [ INFO  ]          Format: IND_RGBA
                           }
[21:38:06] [  END  ]       Image loaded [Elapsed time = 0.018 seg]
[21:38:06] [ BEGIN ]       -- Loading Image --
                           {
           [ INFO  ]          File name: ../SpaceGame/resources/Spaceship with motor new/8.png
           [ INFO  ]          Extension: png
           [ INFO  ]          Size: 600 x 1200
           [ INFO  ]          Bpp: 4
           [ INFO  ]          Format: IND_RGBA
                           }
[21:38:06] [  END  ]       Image loaded [Elapsed time = 0.015 seg]
[21:38:06] [ BEGIN ]       -- Loading Image --
                           {
           [ INFO  ]          File name: ../SpaceGame/resources/Spaceship with motor new/9.png
           [ INFO  ]          Extension: png
           [ INFO  ]          Size: 600 x 1200
           [ INFO  ]          Bpp: 4
           [ INFO  ]          Format: IND_RGBA
                           }
[21:38:06] [  END  ]       Image loaded [Elapsed time = 0.016 seg]
[21:38:06] [ BEGIN ]       -- Loading Image --
                           {
           [ INFO  ]          File name: ../SpaceGame/resources/Spaceship with motor new/10.png
           [ INFO  ]          Extension: png
           [ INFO  ]          Size: 600 x 1200
           [ INFO  ]          Bpp: 4
           [ INFO  ]          Format: IND_RGBA
                           }
[21:38:06] [  END  ]       Image loaded [Elapsed time = 0.015 seg]
[21:38:06] [ BEGIN ]       -- Loading Image --
                           {
           [ INFO  ]          File name: ../SpaceGame/resources/Spaceship with motor new/11.png
           [ INFO  ]          Extension: png
           [ INFO  ]          Size: 600 x 1200
           [ INFO  ]          Bpp: 4
           [ INFO  ]          Format: IND_RGBA
                           }
[21:38:06] [  END  ]       Image loaded [Elapsed time = 0.015 seg]
[21:38:06] [ BEGIN ]       -- Loading Image --
                           {
           [ INFO  ]          File name: ../SpaceGame/resources/Spaceship with motor new/12.png
           [ INFO  ]          Extension: png
           [ INFO  ]          Size: 600 x 1200
           [ INFO  ]          Bpp: 4
           [ INFO  ]          Format: IND_RGBA
                           }
[21:38:06] [  END  ]       Image loaded [Elapsed time = 0.016 seg]
[21:38:06] [ BEGIN ]       -- Loading Image --
                           {
           [ INFO  ]          File name: ../SpaceGame/resources/Spaceship with motor new/13.png
           [ INFO  ]          Extension: png
           [ INFO  ]          Size: 600 x 1200
           [ INFO  ]          Bpp: 4
           [ INFO  ]          Format: IND_RGBA
                           }
[21:38:06] [  END  ]       Image loaded [Elapsed time = 0.015 seg]
[21:38:06] [ BEGIN ]       -- Loading Image --
                           {
           [ INFO  ]          File name: ../SpaceGame/resources/Spaceship with motor new/14.png
           [ INFO  ]          Extension: png
           [ INFO  ]          Size: 600 x 1200
           [ INFO  ]          Bpp: 4
           [ INFO  ]          Format: IND_RGBA
                           }
[21:38:06] [  END  ]       Image loaded [Elapsed time = 0.015 seg]
[21:38:06] [ BEGIN ]       -- Loading Image --
                           {
           [ INFO  ]          File name: ../SpaceGame/resources/Spaceship with motor new/15.png
           [ INFO  ]          Extension: png
           [ INFO  ]          Size: 600 x 1200
           [ INFO  ]          Bpp: 4
           [ INFO  ]          Format: IND_RGBA
                           }
[21:38:06] [  END  ]       Image loaded [Elapsed time = 0.016 seg]
                        }
[21:38:06] [  END  ]    Animation parsed and loaded [Elapsed time = 0.232 seg]
[21:38:06] [ BEGIN ]    -- Creating surface --
                        {
           [ INFO  ]       From image: ../SpaceGame/resources/Spaceship with motor new/1.png
           [ INFO  ]       Type: IND_ALPHA
           [ INFO  ]       Quality: IND_32
           [ INFO  ]       Image size: 600 x 1200
           [ INFO  ]       Block size: 1024 x 2048
           [ INFO  ]       Number of blocks: 1 x 1
           [ INFO  ]       Spare (Right | Down): 424 x 848
                        }
[21:38:06] [  END  ]    Surface created [Elapsed time = 0.008 seg]
[21:38:06] [ BEGIN ]    -- Freeing image --
                        {
           [ INFO  ]       File name: ../SpaceGame/resources/Spaceship with motor new/1.png
                        }
[21:38:06] [  END  ]    Ok [Elapsed time = 0.001 seg]
[21:38:06] [ BEGIN ]    -- Creating surface --
                        {
           [ INFO  ]       From image: ../SpaceGame/resources/Spaceship with motor new/2.png
           [ INFO  ]       Type: IND_ALPHA
           [ INFO  ]       Quality: IND_32
           [ INFO  ]       Image size: 600 x 1200
           [ INFO  ]       Block size: 1024 x 2048
           [ INFO  ]       Number of blocks: 1 x 1
           [ INFO  ]       Spare (Right | Down): 424 x 848
                        }
[21:38:06] [  END  ]    Surface created [Elapsed time = 0.007 seg]
[21:38:06] [ BEGIN ]    -- Freeing image --
                        {
           [ INFO  ]       File name: ../SpaceGame/resources/Spaceship with motor new/2.png
                        }
[21:38:06] [  END  ]    Ok [Elapsed time = 0 seg]
[21:38:06] [ BEGIN ]    -- Creating surface --
                        {
           [ INFO  ]       From image: ../SpaceGame/resources/Spaceship with motor new/3.png
           [ INFO  ]       Type: IND_ALPHA
           [ INFO  ]       Quality: IND_32
           [ INFO  ]       Image size: 600 x 1200
           [ INFO  ]       Block size: 1024 x 2048
           [ INFO  ]       Number of blocks: 1 x 1
           [ INFO  ]       Spare (Right | Down): 424 x 848
                        }
[21:38:06] [  END  ]    Surface created [Elapsed time = 0.008 seg]
[21:38:06] [ BEGIN ]    -- Freeing image --
                        {
           [ INFO  ]       File name: ../SpaceGame/resources/Spaceship with motor new/3.png
                        }
[21:38:06] [  END  ]    Ok [Elapsed time = 0 seg]
[21:38:06] [ BEGIN ]    -- Creating surface --
                        {
           [ INFO  ]       From image: ../SpaceGame/resources/Spaceship with motor new/4.png
           [ INFO  ]       Type: IND_ALPHA
           [ INFO  ]       Quality: IND_32
           [ INFO  ]       Image size: 600 x 1200
           [ INFO  ]       Block size: 1024 x 2048
           [ INFO  ]       Number of blocks: 1 x 1
           [ INFO  ]       Spare (Right | Down): 424 x 848
                        }
[21:38:06] [  END  ]    Surface created [Elapsed time = 0.008 seg]
[21:38:06] [ BEGIN ]    -- Freeing image --
                        {
           [ INFO  ]       File name: ../SpaceGame/resources/Spaceship with motor new/4.png
                        }
[21:38:06] [  END  ]    Ok [Elapsed time = 0 seg]
[21:38:06] [ BEGIN ]    -- Creating surface --
                        {
           [ INFO  ]       From image: ../SpaceGame/resources/Spaceship with motor new/5.png
           [ INFO  ]       Type: IND_ALPHA
           [ INFO  ]       Quality: IND_32
           [ INFO  ]       Image size: 600 x 1200
           [ INFO  ]       Block size: 1024 x 2048
           [ INFO  ]       Number of blocks: 1 x 1
           [ INFO  ]       Spare (Right | Down): 424 x 848
                        }
[21:38:06] [  END  ]    Surface created [Elapsed time = 0.008 seg]
[21:38:06] [ BEGIN ]    -- Freeing image --
                        {
           [ INFO  ]       File name: ../SpaceGame/resources/Spaceship with motor new/5.png
                        }
[21:38:06] [  END  ]    Ok [Elapsed time = 0 seg]
[21:38:06] [ BEGIN ]    -- Creating surface --
                        {
           [ INFO  ]       From image: ../SpaceGame/resources/Spaceship with motor new/6.png
           [ INFO  ]       Type: IND_ALPHA
           [ INFO  ]       Quality: IND_32
           [ INFO  ]       Image size: 600 x 1200
           [ INFO  ]       Block size: 1024 x 2048
           [ INFO  ]       Number of blocks: 1 x 1
           [ INFO  ]       Spare (Right | Down): 424 x 848
                        }
[21:38:06] [  END  ]    Surface created [Elapsed time = 0.008 seg]
[21:38:06] [ BEGIN ]    -- Freeing image --
                        {
           [ INFO  ]       File name: ../SpaceGame/resources/Spaceship with motor new/6.png
                        }
[21:38:06] [  END  ]    Ok [Elapsed time = 0 seg]
[21:38:06] [ BEGIN ]    -- Creating surface --
                        {
           [ INFO  ]       From image: ../SpaceGame/resources/Spaceship with motor new/7.png
           [ INFO  ]       Type: IND_ALPHA
           [ INFO  ]       Quality: IND_32
           [ INFO  ]       Image size: 600 x 1200
           [ INFO  ]       Block size: 1024 x 2048
           [ INFO  ]       Number of blocks: 1 x 1
           [ INFO  ]       Spare (Right | Down): 424 x 848
                        }
[21:38:06] [  END  ]    Surface created [Elapsed time = 0.008 seg]
[21:38:06] [ BEGIN ]    -- Freeing image --
                        {
           [ INFO  ]       File name: ../SpaceGame/resources/Spaceship with motor new/7.png
                        }
[21:38:06] [  END  ]    Ok [Elapsed time = 0 seg]
[21:38:06] [ BEGIN ]    -- Creating surface --
                        {
           [ INFO  ]       From image: ../SpaceGame/resources/Spaceship with motor new/8.png
           [ INFO  ]       Type: IND_ALPHA
           [ INFO  ]       Quality: IND_32
           [ INFO  ]       Image size: 600 x 1200
           [ INFO  ]       Block size: 1024 x 2048
           [ INFO  ]       Number of blocks: 1 x 1
           [ INFO  ]       Spare (Right | Down): 424 x 848
                        }
[21:38:06] [  END  ]    Surface created [Elapsed time = 0.008 seg]
[21:38:06] [ BEGIN ]    -- Freeing image --
                        {
           [ INFO  ]       File name: ../SpaceGame/resources/Spaceship with motor new/8.png
                        }
[21:38:06] [  END  ]    Ok [Elapsed time = 0 seg]
[21:38:06] [ BEGIN ]    -- Creating surface --
                        {
           [ INFO  ]       From image: ../SpaceGame/resources/Spaceship with motor new/9.png
           [ INFO  ]       Type: IND_ALPHA
           [ INFO  ]       Quality: IND_32
           [ INFO  ]       Image size: 600 x 1200
           [ INFO  ]       Block size: 1024 x 2048
           [ INFO  ]       Number of blocks: 1 x 1
           [ INFO  ]       Spare (Right | Down): 424 x 848
                        }
[21:38:06] [  END  ]    Surface created [Elapsed time = 0.008 seg]
[21:38:06] [ BEGIN ]    -- Freeing image --
                        {
           [ INFO  ]       File name: ../SpaceGame/resources/Spaceship with motor new/9.png
                        }
[21:38:06] [  END  ]    Ok [Elapsed time = 0 seg]
[21:38:06] [ BEGIN ]    -- Creating surface --
                        {
           [ INFO  ]       From image: ../SpaceGame/resources/Spaceship with motor new/10.png
           [ INFO  ]       Type: IND_ALPHA
           [ INFO  ]       Quality: IND_32
           [ INFO  ]       Image size: 600 x 1200
           [ INFO  ]       Block size: 1024 x 2048
           [ INFO  ]       Number of blocks: 1 x 1
           [ INFO  ]       Spare (Right | Down): 424 x 848
                        }
[21:38:06] [  END  ]    Surface created [Elapsed time = 0.007 seg]
[21:38:06] [ BEGIN ]    -- Freeing image --
                        {
           [ INFO  ]       File name: ../SpaceGame/resources/Spaceship with motor new/10.png
                        }
[21:38:06] [  END  ]    Ok [Elapsed time = 0.001 seg]
[21:38:06] [ BEGIN ]    -- Creating surface --
                        {
           [ INFO  ]       From image: ../SpaceGame/resources/Spaceship with motor new/11.png
           [ INFO  ]       Type: IND_ALPHA
           [ INFO  ]       Quality: IND_32
           [ INFO  ]       Image size: 600 x 1200
           [ INFO  ]       Block size: 1024 x 2048
           [ INFO  ]       Number of blocks: 1 x 1
           [ INFO  ]       Spare (Right | Down): 424 x 848
                        }
[21:38:06] [  END  ]    Surface created [Elapsed time = 0.007 seg]
[21:38:06] [ BEGIN ]    -- Freeing image --
                        {
           [ INFO  ]       File name: ../SpaceGame/resources/Spaceship with motor new/11.png
                        }
[21:38:06] [  END  ]    Ok [Elapsed time = 0 seg]
[21:38:06] [ BEGIN ]    -- Creating surface --
                        {
           [ INFO  ]       From image: ../SpaceGame/resources/Spaceship with motor new/12.png
           [ INFO  ]       Type: IND_ALPHA
           [ INFO  ]       Quality: IND_32
           [ INFO  ]       Image size: 600 x 1200
           [ INFO  ]       Block size: 1024 x 2048
           [ INFO  ]       Number of blocks: 1 x 1
           [ INFO  ]       Spare (Right | Down): 424 x 848
                        }
[21:38:06] [  END  ]    Surface created [Elapsed time = 0.008 seg]
[21:38:06] [ BEGIN ]    -- Freeing image --
                        {
           [ INFO  ]       File name: ../SpaceGame/resources/Spaceship with motor new/12.png
                        }
[21:38:06] [  END  ]    Ok [Elapsed time = 0.001 seg]
[21:38:06] [ BEGIN ]    -- Creating surface --
                        {
           [ INFO  ]       From image: ../SpaceGame/resources/Spaceship with motor new/13.png
           [ INFO  ]       Type: IND_ALPHA
           [ INFO  ]       Quality: IND_32
           [ INFO  ]       Image size: 600 x 1200
           [ INFO  ]       Block size: 1024 x 2048
           [ INFO  ]       Number of blocks: 1 x 1
           [ INFO  ]       Spare (Right | Down): 424 x 848
                        }
[21:38:06] [  END  ]    Surface created [Elapsed time = 0.007 seg]
[21:38:06] [ BEGIN ]    -- Freeing image --
                        {
           [ INFO  ]       File name: ../SpaceGame/resources/Spaceship with motor new/13.png
                        }
[21:38:06] [  END  ]    Ok [Elapsed time = 0 seg]
[21:38:06] [ BEGIN ]    -- Creating surface --
                        {
           [ INFO  ]       From image: ../SpaceGame/resources/Spaceship with motor new/14.png
           [ INFO  ]       Type: IND_ALPHA
           [ INFO  ]       Quality: IND_32
           [ INFO  ]       Image size: 600 x 1200
           [ INFO  ]       Block size: 1024 x 2048
           [ INFO  ]       Number of blocks: 1 x 1
           [ INFO  ]       Spare (Right | Down): 424 x 848
                        }
[21:38:06] [  END  ]    Surface created [Elapsed time = 0.008 seg]
[21:38:06] [ BEGIN ]    -- Freeing image --
                        {
           [ INFO  ]       File name: ../SpaceGame/resources/Spaceship with motor new/14.png
                        }
[21:38:06] [  END  ]    Ok [Elapsed time = 0 seg]
[21:38:06] [ BEGIN ]    -- Creating surface --
                        {
           [ INFO  ]       From image: ../SpaceGame/resources/Spaceship with motor new/15.png
           [ INFO  ]       Type: IND_ALPHA
           [ INFO  ]       Quality: IND_32
           [ INFO  ]       Image size: 600 x 1200
           [ INFO  ]       Block size: 1024 x 2048
           [ INFO  ]       Number of blocks: 1 x 1
           [ INFO  ]       Spare (Right | Down): 424 x 848
                        }
[21:38:06] [  END  ]    Surface created [Elapsed time = 0.008 seg]
[21:38:06] [ BEGIN ]    -- Freeing image --
                        {
           [ INFO  ]       File name: ../SpaceGame/resources/Spaceship with motor new/15.png
                        }
[21:38:06] [  END  ]    Ok [Elapsed time = 0 seg]
[21:38:06] [ BEGIN ]    -- Parsing and loading animation --
                        {
           [ INFO  ]       File name: resources/Spaceship with motor new/Ship_still.xml
[21:38:06] [ BEGIN ]       -- Loading Image --
                           {
           [ INFO  ]          File name: ../SpaceGame/resources/Spaceship with motor new/1.png
           [ INFO  ]          Extension: png
           [ INFO  ]          Size: 600 x 1200
           [ INFO  ]          Bpp: 4
           [ INFO  ]          Format: IND_RGBA
                           }
[21:38:06] [  END  ]       Image loaded [Elapsed time = 0.015 seg]
                        }
[21:38:06] [  END  ]    Animation parsed and loaded [Elapsed time = 0.015 seg]
[21:38:06] [ BEGIN ]    -- Creating surface --
                        {
           [ INFO  ]       From image: ../SpaceGame/resources/Spaceship with motor new/1.png
           [ INFO  ]       Type: IND_ALPHA
           [ INFO  ]       Quality: IND_32
           [ INFO  ]       Image size: 600 x 1200
           [ INFO  ]       Block size: 1024 x 2048
           [ INFO  ]       Number of blocks: 1 x 1
           [ INFO  ]       Spare (Right | Down): 424 x 848
                        }
[21:38:06] [  END  ]    Surface created [Elapsed time = 0.008 seg]
[21:38:06] [ BEGIN ]    -- Freeing image --
                        {
           [ INFO  ]       File name: ../SpaceGame/resources/Spaceship with motor new/1.png
                        }
[21:38:06] [  END  ]    Ok [Elapsed time = 0 seg]
[21:38:06] [ BEGIN ]    -- Parsing and loading animation --
                        {
           [ INFO  ]       File name: resources/Spaceship rotation smoke/LEFT/Rotate_left.xml
[21:38:06] [ BEGIN ]       -- Loading Image --
                           {
           [ INFO  ]          File name: ../SpaceGame/resources/Spaceship rotation smoke/LEFT/1.png
           [ INFO  ]          Extension: png
           [ INFO  ]          Size: 600 x 1200
           [ INFO  ]          Bpp: 4
           [ INFO  ]          Format: IND_RGBA
                           }
[21:38:06] [  END  ]       Image loaded [Elapsed time = 0.019 seg]
[21:38:06] [ BEGIN ]       -- Loading Image --
                           {
           [ INFO  ]          File name: ../SpaceGame/resources/Spaceship rotation smoke/LEFT/2.png
           [ INFO  ]          Extension: png
           [ INFO  ]          Size: 600 x 1200
           [ INFO  ]          Bpp: 4
           [ INFO  ]          Format: IND_RGBA
                           }
[21:38:06] [  END  ]       Image loaded [Elapsed time = 0.019 seg]
[21:38:06] [ BEGIN ]       -- Loading Image --
                           {
           [ INFO  ]          File name: ../SpaceGame/resources/Spaceship rotation smoke/LEFT/3.png
           [ INFO  ]          Extension: png
           [ INFO  ]          Size: 600 x 1200
           [ INFO  ]          Bpp: 4
           [ INFO  ]          Format: IND_RGBA
                           }
[21:38:06] [  END  ]       Image loaded [Elapsed time = 0.02 seg]
[21:38:06] [ BEGIN ]       -- Loading Image --
                           {
           [ INFO  ]          File name: ../SpaceGame/resources/Spaceship rotation smoke/LEFT/4.png
           [ INFO  ]          Extension: png
           [ INFO  ]          Size: 600 x 1200
           [ INFO  ]          Bpp: 4
           [ INFO  ]          Format: IND_RGBA
                           }
[21:38:06] [  END  ]       Image loaded [Elapsed time = 0.019 seg]
[21:38:06] [ BEGIN ]       -- Loading Image --
                           {
           [ INFO  ]          File name: ../SpaceGame/resources/Spaceship rotation smoke/LEFT/5.png
           [ INFO  ]          Extension: png
           [ INFO  ]          Size: 600 x 1200
           [ INFO  ]          Bpp: 4
           [ INFO  ]          Format: IND_RGBA
                           }
[21:38:06] [  END  ]       Image loaded [Elapsed time = 0.019 seg]
[21:38:06] [ BEGIN ]       -- Loading Image --
                           {
           [ INFO  ]          File name: ../SpaceGame/resources/Spaceship rotation smoke/LEFT/6.png
           [ INFO  ]          Extension: png
           [ INFO  ]          Size: 600 x 1200
           [ INFO  ]          Bpp: 4
           [ INFO  ]          Format: IND_RGBA
                           }
[21:38:06] [  END  ]       Image loaded [Elapsed time = 0.019 seg]
[21:38:06] [ BEGIN ]       -- Loading Image --
                           {
           [ INFO  ]          File name: ../SpaceGame/resources/Spaceship rotation smoke/LEFT/7.png
           [ INFO  ]          Extension: png
           [ INFO  ]          Size: 600 x 1200
           [ INFO  ]          Bpp: 4
           [ INFO  ]          Format: IND_RGBA
                           }
[21:38:06] [  END  ]       Image loaded [Elapsed time = 0.02 seg]
[21:38:06] [ BEGIN ]       -- Loading Image --
                           {
           [ INFO  ]          File name: ../SpaceGame/resources/Spaceship rotation smoke/LEFT/8.png
           [ INFO  ]          Extension: png
           [ INFO  ]          Size: 600 x 1200
           [ INFO  ]          Bpp: 4
           [ INFO  ]          Format: IND_RGBA
                           }
[21:38:06] [  END  ]       Image loaded [Elapsed time = 0.02 seg]
[21:38:06] [ BEGIN ]       -- Loading Image --
                           {
           [ INFO  ]          File name: ../SpaceGame/resources/Spaceship rotation smoke/LEFT/9.png
           [ INFO  ]          Extension: png
           [ INFO  ]          Size: 600 x 1200
           [ INFO  ]          Bpp: 4
           [ INFO  ]          Format: IND_RGBA
                           }
[21:38:06] [  END  ]       Image loaded [Elapsed time = 0.02 seg]
[21:38:06] [ BEGIN ]       -- Loading Image --
                           {
           [ INFO  ]          File name: ../SpaceGame/resources/Spaceship rotation smoke/LEFT/10.png
           [ INFO  ]          Extension: png
           [ INFO  ]          Size: 600 x 1200
           [ INFO  ]          Bpp: 4
           [ INFO  ]          Format: IND_RGBA
                           }
[21:38:06] [  END  ]       Image loaded [Elapsed time = 0.019 seg]
[21:38:06] [ BEGIN ]       -- Loading Image --
                           {
           [ INFO  ]          File name: ../SpaceGame/resources/Spaceship rotation smoke/LEFT/11.png
           [ INFO  ]          Extension: png
           [ INFO  ]          Size: 600 x 1200
           [ INFO  ]          Bpp: 4
           [ INFO  ]          Format: IND_RGBA
                           }
[21:38:06] [  END  ]       Image loaded [Elapsed time = 0.02 seg]
[21:38:06] [ BEGIN ]       -- Loading Image --
                           {
           [ INFO  ]          File name: ../SpaceGame/resources/Spaceship rotation smoke/LEFT/12.png
           [ INFO  ]          Extension: png
           [ INFO  ]          Size: 600 x 1200
           [ INFO  ]          Bpp: 4
           [ INFO  ]          Format: IND_RGBA
                           }
[21:38:06] [  END  ]       Image loaded [Elapsed time = 0.02 seg]
[21:38:06] [ BEGIN ]       -- Loading Image --
                           {
           [ INFO  ]          File name: ../SpaceGame/resources/Spaceship rotation smoke/LEFT/13.png
           [ INFO  ]          Extension: png
           [ INFO  ]          Size: 600 x 1200
           [ INFO  ]          Bpp: 4
           [ INFO  ]          Format: IND_RGBA
                           }
[21:38:06] [  END  ]       Image loaded [Elapsed time = 0.025 seg]
[21:38:06] [ BEGIN ]       -- Loading Image --
                           {
           [ INFO  ]          File name: ../SpaceGame/resources/Spaceship rotation smoke/LEFT/14.png
           [ INFO  ]          Extension: png
           [ INFO  ]          Size: 600 x 1200
           [ INFO  ]          Bpp: 4
           [ INFO  ]          Format: IND_RGBA
                           }
[21:38:06] [  END  ]       Image loaded [Elapsed time = 0.019 seg]
[21:38:06] [ BEGIN ]       -- Loading Image --
                           {
           [ INFO  ]          File name: ../SpaceGame/resources/Spaceship rotation smoke/LEFT/15.png
           [ INFO  ]          Extension: png
           [ INFO  ]          Size: 600 x 1200
           [ INFO  ]          Bpp: 4
           [ INFO  ]          Format: IND_RGBA
                           }
[21:38:06] [  END  ]       Image loaded [Elapsed time = 0.02 seg]
                        }
[21:38:06] [  END  ]    Animation parsed and loaded [Elapsed time = 0.298 seg]
[21:38:06] [ BEGIN ]    -- Creating surface --
                        {
           [ INFO  ]       From image: ../SpaceGame/resources/Spaceship rotation smoke/LEFT/1.png
           [ INFO  ]       Type: IND_ALPHA
           [ INFO  ]       Quality: IND_32
           [ INFO  ]       Image size: 600 x 1200
           [ INFO  ]       Block size: 1024 x 2048
           [ INFO  ]       Number of blocks: 1 x 1
           [ INFO  ]       Spare (Right | Down): 424 x 848
                        }
[21:38:06] [  END  ]    Surface created [Elapsed time = 0.008 seg]
[21:38:06] [ BEGIN ]    -- Freeing image --
                        {
           [ INFO  ]       File name: ../SpaceGame/resources/Spaceship rotation smoke/LEFT/1.png
                        }
[21:38:06] [  END  ]    Ok [Elapsed time = 0 seg]
[21:38:06] [ BEGIN ]    -- Creating surface --
                        {
           [ INFO  ]       From image: ../SpaceGame/resources/Spaceship rotation smoke/LEFT/2.png
           [ INFO  ]       Type: IND_ALPHA
           [ INFO  ]       Quality: IND_32
           [ INFO  ]       Image size: 600 x 1200
           [ INFO  ]       Block size: 1024 x 2048
           [ INFO  ]       Number of blocks: 1 x 1
           [ INFO  ]       Spare (Right | Down): 424 x 848
                        }
[21:38:06] [  END  ]    Surface created [Elapsed time = 0.007 seg]
[21:38:06] [ BEGIN ]    -- Freeing image --
                        {
           [ INFO  ]       File name: ../SpaceGame/resources/Spaceship rotation smoke/LEFT/2.png
                        }
[21:38:06] [  END  ]    Ok [Elapsed time = 0.001 seg]
[21:38:06] [ BEGIN ]    -- Creating surface --
                        {
           [ INFO  ]       From image: ../SpaceGame/resources/Spaceship rotation smoke/LEFT/3.png
           [ INFO  ]       Type: IND_ALPHA
           [ INFO  ]       Quality: IND_32
           [ INFO  ]       Image size: 600 x 1200
           [ INFO  ]       Block size: 1024 x 2048
           [ INFO  ]       Number of blocks: 1 x 1
           [ INFO  ]       Spare (Right | Down): 424 x 848
                        }
[21:38:06] [  END  ]    Surface created [Elapsed time = 0.007 seg]
[21:38:06] [ BEGIN ]    -- Freeing image --
                        {
           [ INFO  ]       File name: ../SpaceGame/resources/Spaceship rotation smoke/LEFT/3.png
                        }
[21:38:06] [  END  ]    Ok [Elapsed time = 0.001 seg]
[21:38:06] [ BEGIN ]    -- Creating surface --
                        {
           [ INFO  ]       From image: ../SpaceGame/resources/Spaceship rotation smoke/LEFT/4.png
           [ INFO  ]       Type: IND_ALPHA
           [ INFO  ]       Quality: IND_32
           [ INFO  ]       Image size: 600 x 1200
           [ INFO  ]       Block size: 1024 x 2048
           [ INFO  ]       Number of blocks: 1 x 1
           [ INFO  ]       Spare (Right | Down): 424 x 848
                        }
[21:38:06] [  END  ]    Surface created [Elapsed time = 0.007 seg]
[21:38:06] [ BEGIN ]    -- Freeing image --
                        {
           [ INFO  ]       File name: ../SpaceGame/resources/Spaceship rotation smoke/LEFT/4.png
                        }
[21:38:06] [  END  ]    Ok [Elapsed time = 0.001 seg]
[21:38:06] [ BEGIN ]    -- Creating surface --
                        {
           [ INFO  ]       From image: ../SpaceGame/resources/Spaceship rotation smoke/LEFT/5.png
           [ INFO  ]       Type: IND_ALPHA
           [ INFO  ]       Quality: IND_32
           [ INFO  ]       Image size: 600 x 1200
           [ INFO  ]       Block size: 1024 x 2048
           [ INFO  ]       Number of blocks: 1 x 1
           [ INFO  ]       Spare (Right | Down): 424 x 848
                        }
[21:38:06] [  END  ]    Surface created [Elapsed time = 0.007 seg]
[21:38:06] [ BEGIN ]    -- Freeing image --
                        {
           [ INFO  ]       File name: ../SpaceGame/resources/Spaceship rotation smoke/LEFT/5.png
                        }
[21:38:06] [  END  ]    Ok [Elapsed time = 0 seg]
[21:38:06] [ BEGIN ]    -- Creating surface --
                        {
           [ INFO  ]       From image: ../SpaceGame/resources/Spaceship rotation smoke/LEFT/6.png
           [ INFO  ]       Type: IND_ALPHA
           [ INFO  ]       Quality: IND_32
           [ INFO  ]       Image size: 600 x 1200
           [ INFO  ]       Block size: 1024 x 2048
           [ INFO  ]       Number of blocks: 1 x 1
           [ INFO  ]       Spare (Right | Down): 424 x 848
                        }
[21:38:06] [  END  ]    Surface created [Elapsed time = 0.007 seg]
[21:38:06] [ BEGIN ]    -- Freeing image --
                        {
           [ INFO  ]       File name: ../SpaceGame/resources/Spaceship rotation smoke/LEFT/6.png
                        }
[21:38:06] [  END  ]    Ok [Elapsed time = 0.001 seg]
[21:38:06] [ BEGIN ]    -- Creating surface --
                        {
           [ INFO  ]       From image: ../SpaceGame/resources/Spaceship rotation smoke/LEFT/7.png
           [ INFO  ]       Type: IND_ALPHA
           [ INFO  ]       Quality: IND_32
           [ INFO  ]       Image size: 600 x 1200
           [ INFO  ]       Block size: 1024 x 2048
           [ INFO  ]       Number of blocks: 1 x 1
           [ INFO  ]       Spare (Right | Down): 424 x 848
                        }
[21:38:06] [  END  ]    Surface created [Elapsed time = 0.007 seg]
[21:38:06] [ BEGIN ]    -- Freeing image --
                        {
           [ INFO  ]       File name: ../SpaceGame/resources/Spaceship rotation smoke/LEFT/7.png
                        }
[21:38:06] [  END  ]    Ok [Elapsed time = 0.001 seg]
[21:38:06] [ BEGIN ]    -- Creating surface --
                        {
           [ INFO  ]       From image: ../SpaceGame/resources/Spaceship rotation smoke/LEFT/8.png
           [ INFO  ]       Type: IND_ALPHA
           [ INFO  ]       Quality: IND_32
           [ INFO  ]       Image size: 600 x 1200
           [ INFO  ]       Block size: 1024 x 2048
           [ INFO  ]       Number of blocks: 1 x 1
           [ INFO  ]       Spare (Right | Down): 424 x 848
                        }
[21:38:06] [  END  ]    Surface created [Elapsed time = 0.007 seg]
[21:38:06] [ BEGIN ]    -- Freeing image --
                        {
           [ INFO  ]       File name: ../SpaceGame/resources/Spaceship rotation smoke/LEFT/8.png
                        }
[21:38:06] [  END  ]    Ok [Elapsed time = 0 seg]
[21:38:06] [ BEGIN ]    -- Creating surface --
                        {
           [ INFO  ]       From image: ../SpaceGame/resources/Spaceship rotation smoke/LEFT/9.png
           [ INFO  ]       Type: IND_ALPHA
           [ INFO  ]       Quality: IND_32
           [ INFO  ]       Image size: 600 x 1200
           [ INFO  ]       Block size: 1024 x 2048
           [ INFO  ]       Number of blocks: 1 x 1
           [ INFO  ]       Spare (Right | Down): 424 x 848
                        }
[21:38:06] [  END  ]    Surface created [Elapsed time = 0.008 seg]
[21:38:06] [ BEGIN ]    -- Freeing image --
                        {
           [ INFO  ]       File name: ../SpaceGame/resources/Spaceship rotation smoke/LEFT/9.png
                        }
[21:38:06] [  END  ]    Ok [Elapsed time = 0 seg]
[21:38:06] [ BEGIN ]    -- Creating surface --
                        {
           [ INFO  ]       From image: ../SpaceGame/resources/Spaceship rotation smoke/LEFT/10.png
           [ INFO  ]       Type: IND_ALPHA
           [ INFO  ]       Quality: IND_32
           [ INFO  ]       Image size: 600 x 1200
           [ INFO  ]       Block size: 1024 x 2048
           [ INFO  ]       Number of blocks: 1 x 1
           [ INFO  ]       Spare (Right | Down): 424 x 848
                        }
[21:38:06] [  END  ]    Surface created [Elapsed time = 0.008 seg]
[21:38:06] [ BEGIN ]    -- Freeing image --
                        {
           [ INFO  ]       File name: ../SpaceGame/resources/Spaceship rotation smoke/LEFT/10.png
                        }
[21:38:06] [  END  ]    Ok [Elapsed time = 0 seg]
[21:38:06] [ BEGIN ]    -- Creating surface --
                        {
           [ INFO  ]       From image: ../SpaceGame/resources/Spaceship rotation smoke/LEFT/11.png
           [ INFO  ]       Type: IND_ALPHA
           [ INFO  ]       Quality: IND_32
           [ INFO  ]       Image size: 600 x 1200
           [ INFO  ]       Block size: 1024 x 2048
           [ INFO  ]       Number of blocks: 1 x 1
           [ INFO  ]       Spare (Right | Down): 424 x 848
                        }
[21:38:06] [  END  ]    Surface created [Elapsed time = 0.008 seg]
[21:38:06] [ BEGIN ]    -- Freeing image --
                        {
           [ INFO  ]       File name: ../SpaceGame/resources/Spaceship rotation smoke/LEFT/11.png
                        }
[21:38:06] [  END  ]    Ok [Elapsed time = 0 seg]
[21:38:06] [ BEGIN ]    -- Creating surface --
                        {
           [ INFO  ]       From image: ../SpaceGame/resources/Spaceship rotation smoke/LEFT/12.png
           [ INFO  ]       Type: IND_ALPHA
           [ INFO  ]       Quality: IND_32
           [ INFO  ]       Image size: 600 x 1200
           [ INFO  ]       Block size: 1024 x 2048
           [ INFO  ]       Number of blocks: 1 x 1
           [ INFO  ]       Spare (Right | Down): 424 x 848
                        }
[21:38:06] [  END  ]    Surface created [Elapsed time = 0.008 seg]
[21:38:06] [ BEGIN ]    -- Freeing image --
                        {
           [ INFO  ]       File name: ../SpaceGame/resources/Spaceship rotation smoke/LEFT/12.png
                        }
[21:38:06] [  END  ]    Ok [Elapsed time = 0 seg]
[21:38:06] [ BEGIN ]    -- Creating surface --
                        {
           [ INFO  ]       From image: ../SpaceGame/resources/Spaceship rotation smoke/LEFT/13.png
           [ INFO  ]       Type: IND_ALPHA
           [ INFO  ]       Quality: IND_32
           [ INFO  ]       Image size: 600 x 1200
           [ INFO  ]       Block size: 1024 x 2048
           [ INFO  ]       Number of blocks: 1 x 1
           [ INFO  ]       Spare (Right | Down): 424 x 848
                        }
[21:38:06] [  END  ]    Surface created [Elapsed time = 0.008 seg]
[21:38:06] [ BEGIN ]    -- Freeing image --
                        {
           [ INFO  ]       File name: ../SpaceGame/resources/Spaceship rotation smoke/LEFT/13.png
                        }
[21:38:06] [  END  ]    Ok [Elapsed time = 0 seg]
[21:38:06] [ BEGIN ]    -- Creating surface --
                        {
           [ INFO  ]       From image: ../SpaceGame/resources/Spaceship rotation smoke/LEFT/14.png
           [ INFO  ]       Type: IND_ALPHA
           [ INFO  ]       Quality: IND_32
           [ INFO  ]       Image size: 600 x 1200
           [ INFO  ]       Block size: 1024 x 2048
           [ INFO  ]       Number of blocks: 1 x 1
           [ INFO  ]       Spare (Right | Down): 424 x 848
                        }
[21:38:06] [  END  ]    Surface created [Elapsed time = 0.007 seg]
[21:38:06] [ BEGIN ]    -- Freeing image --
                        {
           [ INFO  ]       File name: ../SpaceGame/resources/Spaceship rotation smoke/LEFT/14.png
                        }
[21:38:06] [  END  ]    Ok [Elapsed time = 0.001 seg]
[21:38:06] [ BEGIN ]    -- Creating surface --
                        {
           [ INFO  ]       From image: ../SpaceGame/resources/Spaceship rotation smoke/LEFT/15.png
           [ INFO  ]       Type: IND_ALPHA
           [ INFO  ]       Quality: IND_32
           [ INFO  ]       Image size: 600 x 1200
           [ INFO  ]       Block size: 1024 x 2048
           [ INFO  ]       Number of blocks: 1 x 1
           [ INFO  ]       Spare (Right | Down): 424 x 848
                        }
[21:38:06] [  END  ]    Surface created [Elapsed time = 0.007 seg]
[21:38:06] [ BEGIN ]    -- Freeing image --
                        {
           [ INFO  ]       File name: ../SpaceGame/resources/Spaceship rotation smoke/LEFT/15.png
                        }
[21:38:06] [  END  ]    Ok [Elapsed time = 0.001 seg]
[21:38:06] [ BEGIN ]    -- Parsing and loading animation --
                        {
           [ INFO  ]       File name: resources/Spaceship rotation smoke/RIGHT/Rotate_right.xml
[21:38:06] [ BEGIN ]       -- Loading Image --
                           {
           [ INFO  ]          File name: ../SpaceGame/resources/Spaceship rotation smoke/RIGHT/1.png
           [ INFO  ]          Extension: png
           [ INFO  ]          Size: 600 x 1200
           [ INFO  ]          Bpp: 4
           [ INFO  ]          Format: IND_RGBA
                           }
[21:38:06] [  END  ]       Image loaded [Elapsed time = 0.019 seg]
[21:38:06] [ BEGIN ]       -- Loading Image --
                           {
           [ INFO  ]          File name: ../SpaceGame/resources/Spaceship rotation smoke/RIGHT/2.png
           [ INFO  ]          Extension: png
           [ INFO  ]          Size: 600 x 1200
           [ INFO  ]          Bpp: 4
           [ INFO  ]          Format: IND_RGBA
                           }
[21:38:06] [  END  ]       Image loaded [Elapsed time = 0.02 seg]
[21:38:06] [ BEGIN ]       -- Loading Image --
                           {
           [ INFO  ]          File name: ../SpaceGame/resources/Spaceship rotation smoke/RIGHT/3.png
           [ INFO  ]          Extension: png
           [ INFO  ]          Size: 600 x 1200
           [ INFO  ]          Bpp: 4
           [ INFO  ]          Format: IND_RGBA
                           }
[21:38:06] [  END  ]       Image loaded [Elapsed time = 0.019 seg]
[21:38:06] [ BEGIN ]       -- Loading Image --
                           {
           [ INFO  ]          File name: ../SpaceGame/resources/Spaceship rotation smoke/RIGHT/4.png
           [ INFO  ]          Extension: png
           [ INFO  ]          Size: 600 x 1200
           [ INFO  ]          Bpp: 4
           [ INFO  ]          Format: IND_RGBA
                           }
[21:38:06] [  END  ]       Image loaded [Elapsed time = 0.019 seg]
[21:38:06] [ BEGIN ]       -- Loading Image --
                           {
           [ INFO  ]          File name: ../SpaceGame/resources/Spaceship rotation smoke/RIGHT/5.png
           [ INFO  ]          Extension: png
           [ INFO  ]          Size: 600 x 1200
           [ INFO  ]          Bpp: 4
           [ INFO  ]          Format: IND_RGBA
                           }
[21:38:07] [  END  ]       Image loaded [Elapsed time = 0.021 seg]
[21:38:07] [ BEGIN ]       -- Loading Image --
                           {
           [ INFO  ]          File name: ../SpaceGame/resources/Spaceship rotation smoke/RIGHT/6.png
           [ INFO  ]          Extension: png
           [ INFO  ]          Size: 600 x 1200
           [ INFO  ]          Bpp: 4
           [ INFO  ]          Format: IND_RGBA
                           }
[21:38:07] [  END  ]       Image loaded [Elapsed time = 0.02 seg]
[21:38:07] [ BEGIN ]       -- Loading Image --
                           {
           [ INFO  ]          File name: ../SpaceGame/resources/Spaceship rotation smoke/RIGHT/7.png
           [ INFO  ]          Extension: png
           [ INFO  ]          Size: 600 x 1200
           [ INFO  ]          Bpp: 4
           [ INFO  ]          Format: IND_RGBA
                           }
[21:38:07] [  END  ]       Image loaded [Elapsed time = 0.019 seg]
[21:38:07] [ BEGIN ]       -- Loading Image --
                           {
           [ INFO  ]          File name: ../SpaceGame/resources/Spaceship rotation smoke/RIGHT/8.png
           [ INFO  ]          Extension: png
           [ INFO  ]          Size: 600 x 1200
           [ INFO  ]          Bpp: 4
           [ INFO  ]          Format: IND_RGBA
                           }
[21:38:07] [  END  ]       Image loaded [Elapsed time = 0.019 seg]
[21:38:07] [ BEGIN ]       -- Loading Image --
                           {
           [ INFO  ]          File name: ../SpaceGame/resources/Spaceship rotation smoke/RIGHT/9.png
           [ INFO  ]          Extension: png
           [ INFO  ]          Size: 600 x 1200
           [ INFO  ]          Bpp: 4
           [ INFO  ]          Format: IND_RGBA
                           }
[21:38:07] [  END  ]       Image loaded [Elapsed time = 0.02 seg]
[21:38:07] [ BEGIN ]       -- Loading Image --
                           {
           [ INFO  ]          File name: ../SpaceGame/resources/Spaceship rotation smoke/RIGHT/10.png
           [ INFO  ]          Extension: png
           [ INFO  ]          Size: 600 x 1200
           [ INFO  ]          Bpp: 4
           [ INFO  ]          Format: IND_RGBA
                           }
[21:38:07] [  END  ]       Image loaded [Elapsed time = 0.019 seg]
[21:38:07] [ BEGIN ]       -- Loading Image --
                           {
           [ INFO  ]          File name: ../SpaceGame/resources/Spaceship rotation smoke/RIGHT/11.png
           [ INFO  ]          Extension: png
           [ INFO  ]          Size: 600 x 1200
           [ INFO  ]          Bpp: 4
           [ INFO  ]          Format: IND_RGBA
                           }
[21:38:07] [  END  ]       Image loaded [Elapsed time = 0.02 seg]
[21:38:07] [ BEGIN ]       -- Loading Image --
                           {
           [ INFO  ]          File name: ../SpaceGame/resources/Spaceship rotation smoke/RIGHT/12.png
           [ INFO  ]          Extension: png
           [ INFO  ]          Size: 600 x 1200
           [ INFO  ]          Bpp: 4
           [ INFO  ]          Format: IND_RGBA
                           }
[21:38:07] [  END  ]       Image loaded [Elapsed time = 0.02 seg]
[21:38:07] [ BEGIN ]       -- Loading Image --
                           {
           [ INFO  ]          File name: ../SpaceGame/resources/Spaceship rotation smoke/RIGHT/13.png
           [ INFO  ]          Extension: png
           [ INFO  ]          Size: 600 x 1200
           [ INFO  ]          Bpp: 4
           [ INFO  ]          Format: IND_RGBA
                           }
[21:38:07] [  END  ]       Image loaded [Elapsed time = 0.019 seg]
[21:38:07] [ BEGIN ]       -- Loading Image --
                           {
           [ INFO  ]          File name: ../SpaceGame/resources/Spaceship rotation smoke/RIGHT/14.png
           [ INFO  ]          Extension: png
           [ INFO  ]          Size: 600 x 1200
           [ INFO  ]          Bpp: 4
           [ INFO  ]          Format: IND_RGBA
                           }
[21:38:07] [  END  ]       Image loaded [Elapsed time = 0.02 seg]
[21:38:07] [ BEGIN ]       -- Loading Image --
                           {
           [ INFO  ]          File name: ../SpaceGame/resources/Spaceship rotation smoke/RIGHT/15.png
           [ INFO  ]          Extension: png
           [ INFO  ]          Size: 600 x 1200
           [ INFO  ]          Bpp: 4
           [ INFO  ]          Format: IND_RGBA
                           }
[21:38:07] [  END  ]       Image loaded [Elapsed time = 0.02 seg]
                        }
[21:38:07] [  END  ]    Animation parsed and loaded [Elapsed time = 0.294 seg]
[21:38:07] [ BEGIN ]    -- Creating surface --
                        {
           [ INFO  ]       From image: ../SpaceGame/resources/Spaceship rotation smoke/RIGHT/1.png
           [ INFO  ]       Type: IND_ALPHA
           [ INFO  ]       Quality: IND_32
           [ INFO  ]       Image size: 600 x 1200
           [ INFO  ]       Block size: 1024 x 2048
           [ INFO  ]       Number of blocks: 1 x 1
           [ INFO  ]       Spare (Right | Down): 424 x 848
                        }
[21:38:07] [  END  ]    Surface created [Elapsed time = 0.008 seg]
[21:38:07] [ BEGIN ]    -- Freeing image --
                        {
           [ INFO  ]       File name: ../SpaceGame/resources/Spaceship rotation smoke/RIGHT/1.png
                        }
[21:38:07] [  END  ]    Ok [Elapsed time = 0 seg]
[21:38:07] [ BEGIN ]    -- Creating surface --
                        {
           [ INFO  ]       From image: ../SpaceGame/resources/Spaceship rotation smoke/RIGHT/2.png
           [ INFO  ]       Type: IND_ALPHA
           [ INFO  ]       Quality: IND_32
           [ INFO  ]       Image size: 600 x 1200
           [ INFO  ]       Block size: 1024 x 2048
           [ INFO  ]       Number of blocks: 1 x 1
           [ INFO  ]       Spare (Right | Down): 424 x 848
                        }
[21:38:07] [  END  ]    Surface created [Elapsed time = 0.008 seg]
[21:38:07] [ BEGIN ]    -- Freeing image --
                        {
           [ INFO  ]       File name: ../SpaceGame/resources/Spaceship rotation smoke/RIGHT/2.png
                        }
[21:38:07] [  END  ]    Ok [Elapsed time = 0 seg]
[21:38:07] [ BEGIN ]    -- Creating surface --
                        {
           [ INFO  ]       From image: ../SpaceGame/resources/Spaceship rotation smoke/RIGHT/3.png
           [ INFO  ]       Type: IND_ALPHA
           [ INFO  ]       Quality: IND_32
           [ INFO  ]       Image size: 600 x 1200
           [ INFO  ]       Block size: 1024 x 2048
           [ INFO  ]       Number of blocks: 1 x 1
           [ INFO  ]       Spare (Right | Down): 424 x 848
                        }
[21:38:07] [  END  ]    Surface created [Elapsed time = 0.008 seg]
[21:38:07] [ BEGIN ]    -- Freeing image --
                        {
           [ INFO  ]       File name: ../SpaceGame/resources/Spaceship rotation smoke/RIGHT/3.png
                        }
[21:38:07] [  END  ]    Ok [Elapsed time = 0 seg]
[21:38:07] [ BEGIN ]    -- Creating surface --
                        {
           [ INFO  ]       From image: ../SpaceGame/resources/Spaceship rotation smoke/RIGHT/4.png
           [ INFO  ]       Type: IND_ALPHA
           [ INFO  ]       Quality: IND_32
           [ INFO  ]       Image size: 600 x 1200
           [ INFO  ]       Block size: 1024 x 2048
           [ INFO  ]       Number of blocks: 1 x 1
           [ INFO  ]       Spare (Right | Down): 424 x 848
                        }
[21:38:07] [  END  ]    Surface created [Elapsed time = 0.008 seg]
[21:38:07] [ BEGIN ]    -- Freeing image --
                        {
           [ INFO  ]       File name: ../SpaceGame/resources/Spaceship rotation smoke/RIGHT/4.png
                        }
[21:38:07] [  END  ]    Ok [Elapsed time = 0 seg]
[21:38:07] [ BEGIN ]    -- Creating surface --
                        {
           [ INFO  ]       From image: ../SpaceGame/resources/Spaceship rotation smoke/RIGHT/5.png
           [ INFO  ]       Type: IND_ALPHA
           [ INFO  ]       Quality: IND_32
           [ INFO  ]       Image size: 600 x 1200
           [ INFO  ]       Block size: 1024 x 2048
           [ INFO  ]       Number of blocks: 1 x 1
           [ INFO  ]       Spare (Right | Down): 424 x 848
                        }
[21:38:07] [  END  ]    Surface created [Elapsed time = 0.008 seg]
[21:38:07] [ BEGIN ]    -- Freeing image --
                        {
           [ INFO  ]       File name: ../SpaceGame/resources/Spaceship rotation smoke/RIGHT/5.png
                        }
[21:38:07] [  END  ]    Ok [Elapsed time = 0 seg]
[21:38:07] [ BEGIN ]    -- Creating surface --
                        {
           [ INFO  ]       From image: ../SpaceGame/resources/Spaceship rotation smoke/RIGHT/6.png
           [ INFO  ]       Type: IND_ALPHA
           [ INFO  ]       Quality: IND_32
           [ INFO  ]       Image size: 600 x 1200
           [ INFO  ]       Block size: 1024 x 2048
           [ INFO  ]       Number of blocks: 1 x 1
           [ INFO  ]       Spare (Right | Down): 424 x 848
                        }
[21:38:07] [  END  ]    Surface created [Elapsed time = 0.008 seg]
[21:38:07] [ BEGIN ]    -- Freeing image --
                        {
           [ INFO  ]       File name: ../SpaceGame/resources/Spaceship rotation smoke/RIGHT/6.png
                        }
[21:38:07] [  END  ]    Ok [Elapsed time = 0 seg]
[21:38:07] [ BEGIN ]    -- Creating surface --
                        {
           [ INFO  ]       From image: ../SpaceGame/resources/Spaceship rotation smoke/RIGHT/7.png
           [ INFO  ]       Type: IND_ALPHA
           [ INFO  ]       Quality: IND_32
           [ INFO  ]       Image size: 600 x 1200
           [ INFO  ]       Block size: 1024 x 2048
           [ INFO  ]       Number of blocks: 1 x 1
           [ INFO  ]       Spare (Right | Down): 424 x 848
                        }
[21:38:07] [  END  ]    Surface created [Elapsed time = 0.007 seg]
[21:38:07] [ BEGIN ]    -- Freeing image --
                        {
           [ INFO  ]       File name: ../SpaceGame/resources/Spaceship rotation smoke/RIGHT/7.png
                        }
[21:38:07] [  END  ]    Ok [Elapsed time = 0.001 seg]
[21:38:07] [ BEGIN ]    -- Creating surface --
                        {
           [ INFO  ]       From image: ../SpaceGame/resources/Spaceship rotation smoke/RIGHT/8.png
           [ INFO  ]       Type: IND_ALPHA
           [ INFO  ]       Quality: IND_32
           [ INFO  ]       Image size: 600 x 1200
           [ INFO  ]       Block size: 1024 x 2048
           [ INFO  ]       Number of blocks: 1 x 1
           [ INFO  ]       Spare (Right | Down): 424 x 848
                        }
[21:38:07] [  END  ]    Surface created [Elapsed time = 0.007 seg]
[21:38:07] [ BEGIN ]    -- Freeing image --
                        {
           [ INFO  ]       File name: ../SpaceGame/resources/Spaceship rotation smoke/RIGHT/8.png
                        }
[21:38:07] [  END  ]    Ok [Elapsed time = 0.001 seg]
[21:38:07] [ BEGIN ]    -- Creating surface --
                        {
           [ INFO  ]       From image: ../SpaceGame/resources/Spaceship rotation smoke/RIGHT/9.png
           [ INFO  ]       Type: IND_ALPHA
           [ INFO  ]       Quality: IND_32
           [ INFO  ]       Image size: 600 x 1200
           [ INFO  ]       Block size: 1024 x 2048
           [ INFO  ]       Number of blocks: 1 x 1
           [ INFO  ]       Spare (Right | Down): 424 x 848
                        }
[21:38:07] [  END  ]    Surface created [Elapsed time = 0.007 seg]
[21:38:07] [ BEGIN ]    -- Freeing image --
                        {
           [ INFO  ]       File name: ../SpaceGame/resources/Spaceship rotation smoke/RIGHT/9.png
                        }
[21:38:07] [  END  ]    Ok [Elapsed time = 0.001 seg]
[21:38:07] [ BEGIN ]    -- Creating surface --
                        {
           [ INFO  ]       From image: ../SpaceGame/resources/Spaceship rotation smoke/RIGHT/10.png
           [ INFO  ]       Type: IND_ALPHA
           [ INFO  ]       Quality: IND_32
           [ INFO  ]       Image size: 600 x 1200
           [ INFO  ]       Block size: 1024 x 2048
           [ INFO  ]       Number of blocks: 1 x 1
           [ INFO  ]       Spare (Right | Down): 424 x 848
                        }
[21:38:07] [  END  ]    Surface created [Elapsed time = 0.007 seg]
[21:38:07] [ BEGIN ]    -- Freeing image --
                        {
           [ INFO  ]       File name: ../SpaceGame/resources/Spaceship rotation smoke/RIGHT/10.png
                        }
[21:38:07] [  END  ]    Ok [Elapsed time = 0 seg]
[21:38:07] [ BEGIN ]    -- Creating surface --
                        {
           [ INFO  ]       From image: ../SpaceGame/resources/Spaceship rotation smoke/RIGHT/11.png
           [ INFO  ]       Type: IND_ALPHA
           [ INFO  ]       Quality: IND_32
           [ INFO  ]       Image size: 600 x 1200
           [ INFO  ]       Block size: 1024 x 2048
           [ INFO  ]       Number of blocks: 1 x 1
           [ INFO  ]       Spare (Right | Down): 424 x 848
                        }
[21:38:07] [  END  ]    Surface created [Elapsed time = 0.008 seg]
[21:38:07] [ BEGIN ]    -- Freeing image --
                        {
           [ INFO  ]       File name: ../SpaceGame/resources/Spaceship rotation smoke/RIGHT/11.png
                        }
[21:38:07] [  END  ]    Ok [Elapsed time = 0 seg]
[21:38:07] [ BEGIN ]    -- Creating surface --
                        {
           [ INFO  ]       From image: ../SpaceGame/resources/Spaceship rotation smoke/RIGHT/12.png
           [ INFO  ]       Type: IND_ALPHA
           [ INFO  ]       Quality: IND_32
           [ INFO  ]       Image size: 600 x 1200
           [ INFO  ]       Block size: 1024 x 2048
           [ INFO  ]       Number of blocks: 1 x 1
           [ INFO  ]       Spare (Right | Down): 424 x 848
                        }
[21:38:07] [  END  ]    Surface created [Elapsed time = 0.009 seg]
[21:38:07] [ BEGIN ]    -- Freeing image --
                        {
           [ INFO  ]       File name: ../SpaceGame/resources/Spaceship rotation smoke/RIGHT/12.png
                        }
[21:38:07] [  END  ]    Ok [Elapsed time = 0 seg]
[21:38:07] [ BEGIN ]    -- Creating surface --
                        {
           [ INFO  ]       From image: ../SpaceGame/resources/Spaceship rotation smoke/RIGHT/13.png
           [ INFO  ]       Type: IND_ALPHA
           [ INFO  ]       Quality: IND_32
           [ INFO  ]       Image size: 600 x 1200
           [ INFO  ]       Block size: 1024 x 2048
           [ INFO  ]       Number of blocks: 1 x 1
           [ INFO  ]       Spare (Right | Down): 424 x 848
                        }
[21:38:07] [  END  ]    Surface created [Elapsed time = 0.008 seg]
[21:38:07] [ BEGIN ]    -- Freeing image --
                        {
           [ INFO  ]       File name: ../SpaceGame/resources/Spaceship rotation smoke/RIGHT/13.png
                        }
[21:38:07] [  END  ]    Ok [Elapsed time = 0.001 seg]
[21:38:07] [ BEGIN ]    -- Creating surface --
                        {
           [ INFO  ]       From image: ../SpaceGame/resources/Spaceship rotation smoke/RIGHT/14.png
           [ INFO  ]       Type: IND_ALPHA
           [ INFO  ]       Quality: IND_32
           [ INFO  ]       Image size: 600 x 1200
           [ INFO  ]       Block size: 1024 x 2048
           [ INFO  ]       Number of blocks: 1 x 1
           [ INFO  ]       Spare (Right | Down): 424 x 848
                        }
[21:38:07] [  END  ]    Surface created [Elapsed time = 0.007 seg]
[21:38:07] [ BEGIN ]    -- Freeing image --
                        {
           [ INFO  ]       File name: ../SpaceGame/resources/Spaceship rotation smoke/RIGHT/14.png
                        }
[21:38:07] [  END  ]    Ok [Elapsed time = 0.001 seg]
[21:38:07] [ BEGIN ]    -- Creating surface --
                        {
           [ INFO  ]       From image: ../SpaceGame/resources/Spaceship rotation smoke/RIGHT/15.png
           [ INFO  ]       Type: IND_ALPHA
           [ INFO  ]       Quality: IND_32
           [ INFO  ]       Image size: 600 x 1200
           [ INFO  ]       Block size: 1024 x 2048
           [ INFO  ]       Number of blocks: 1 x 1
           [ INFO  ]       Spare (Right | Down): 424 x 848
                        }
[21:38:07] [  END  ]    Surface created [Elapsed time = 0.008 seg]
[21:38:07] [ BEGIN ]    -- Freeing image --
                        {
           [ INFO  ]       File name: ../SpaceGame/resources/Spaceship rotation smoke/RIGHT/15.png
                        }
[21:38:07] [  END  ]    Ok [Elapsed time = 0 seg]
[21:38:07] [ BEGIN ]    -- Adding 2d entity --
                        {
           [ INFO  ]       Name: 5
                        }
[21:38:07] [  END  ]    2d entity added [Elapsed time = 0 seg]
[21:38:07] [ BEGIN ]    -- Adding 2d entity --
                        {
           [ INFO  ]       Name: 6
                        }
[21:38:07] [  END  ]    2d entity added [Elapsed time = 0 seg]
[21:38:15] [ BEGIN ]    -- Finalizing Entity2dManager --
                        {
[21:38:15] [ BEGIN ]       -- Freeing 2d entities --
                           {
           [ INFO  ]          Freeing 2d entity: 0
           [ INFO  ]          Freeing 2d entity: 0
           [ INFO  ]          Freeing 2d entity: 0
           [ INFO  ]          Freeing 2d entity: 0
           [ INFO  ]          Freeing 2d entity: 0
           [ INFO  ]          Freeing 2d entity: 0
           [ INFO  ]          Freeing 2d entity: 0
                           }
[21:38:15] [  END  ]       Entities freed [Elapsed time = 0 seg]
                        }
[21:38:15] [  END  ]    IND_Entity2dManager finalized [Elapsed time = 0 seg]
[21:38:15] [ BEGIN ]    -- Finalizing FontManager --
                        {
[21:38:15] [ BEGIN ]       -- Freeing fonts --
                           {
           [ INFO  ]          Freeing font: resources/font_small.xml
[21:38:15] [ BEGIN ]          -- Freeing surface --
                              {
                              }
[21:38:15] [  END  ]          Ok [Elapsed time = 0 seg]
           [ INFO  ]          Freeing font: resources/font_small.xml
[21:38:15] [ BEGIN ]          -- Freeing surface --
                              {
                              }
[21:38:15] [  END  ]          Ok [Elapsed time = 0 seg]
           [ INFO  ]          Freeing font: resources/font_small.xml
[21:38:15] [ BEGIN ]          -- Freeing surface --
                              {
                              }
[21:38:15] [  END  ]          Ok [Elapsed time = 0 seg]
                           }
[21:38:15] [  END  ]       Fonts freed [Elapsed time = 0 seg]
                        }
[21:38:15] [  END  ]    FontManager finalized [Elapsed time = 0 seg]
[21:38:15] [ BEGIN ]    -- Finalizing AnimationManager --
                        {
[21:38:15] [ BEGIN ]       -- Freeing animations --
                           {
[21:38:15] [ BEGIN ]          -- Freeing animation --
                              {
           [ INFO  ]             Name: resources/Spaceship with motor new/Ship_advance.xml
[21:38:15] [ BEGIN ]             -- Freeing surface --
                                 {
                                 }
[21:38:15] [  END  ]             Ok [Elapsed time = 0.002 seg]
[21:38:15] [ BEGIN ]             -- Freeing surface --
                                 {
                                 }
[21:38:15] [  END  ]             Ok [Elapsed time = 0.001 seg]
[21:38:15] [ BEGIN ]             -- Freeing surface --
                                 {
                                 }
[21:38:15] [  END  ]             Ok [Elapsed time = 0.003 seg]
[21:38:15] [ BEGIN ]             -- Freeing surface --
                                 {
                                 }
[21:38:15] [  END  ]             Ok [Elapsed time = 0.001 seg]
[21:38:15] [ BEGIN ]             -- Freeing surface --
                                 {
                                 }
[21:38:15] [  END  ]             Ok [Elapsed time = 0.001 seg]
[21:38:15] [ BEGIN ]             -- Freeing surface --
                                 {
                                 }
[21:38:15] [  END  ]             Ok [Elapsed time = 0.002 seg]
[21:38:15] [ BEGIN ]             -- Freeing surface --
                                 {
                                 }
[21:38:15] [  END  ]             Ok [Elapsed time = 0.001 seg]
[21:38:15] [ BEGIN ]             -- Freeing surface --
                                 {
                                 }
[21:38:15] [  END  ]             Ok [Elapsed time = 0.002 seg]
[21:38:15] [ BEGIN ]             -- Freeing surface --
                                 {
                                 }
[21:38:15] [  END  ]             Ok [Elapsed time = 0.002 seg]
[21:38:15] [ BEGIN ]             -- Freeing surface --
                                 {
                                 }
[21:38:15] [  END  ]             Ok [Elapsed time = 0.002 seg]
[21:38:15] [ BEGIN ]             -- Freeing surface --
                                 {
                                 }
[21:38:15] [  END  ]             Ok [Elapsed time = 0.002 seg]
[21:38:15] [ BEGIN ]             -- Freeing surface --
                                 {
                                 }
[21:38:15] [  END  ]             Ok [Elapsed time = 0.001 seg]
[21:38:15] [ BEGIN ]             -- Freeing surface --
                                 {
                                 }
[21:38:15] [  END  ]             Ok [Elapsed time = 0.002 seg]
[21:38:15] [ BEGIN ]             -- Freeing surface --
                                 {
                                 }
[21:38:15] [  END  ]             Ok [Elapsed time = 0.002 seg]
[21:38:15] [ BEGIN ]             -- Freeing surface --
                                 {
                                 }
[21:38:15] [  END  ]             Ok [Elapsed time = 0.001 seg]
                              }
[21:38:15] [  END  ]          Ok [Elapsed time = 0.026 seg]
[21:38:15] [ BEGIN ]          -- Freeing animation --
                              {
           [ INFO  ]             Name: resources/Spaceship with motor new/Ship_still.xml
[21:38:15] [ BEGIN ]             -- Freeing surface --
                                 {
                                 }
[21:38:15] [  END  ]             Ok [Elapsed time = 0 seg]
                              }
[21:38:15] [  END  ]          Ok [Elapsed time = 0 seg]
[21:38:15] [ BEGIN ]          -- Freeing animation --
                              {
           [ INFO  ]             Name: resources/Spaceship rotation smoke/LEFT/Rotate_left.xml
[21:38:15] [ BEGIN ]             -- Freeing surface --
                                 {
                                 }
[21:38:15] [  END  ]             Ok [Elapsed time = 0.001 seg]
[21:38:15] [ BEGIN ]             -- Freeing surface --
                                 {
                                 }
[21:38:15] [  END  ]             Ok [Elapsed time = 0.001 seg]
[21:38:15] [ BEGIN ]             -- Freeing surface --
                                 {
                                 }
[21:38:15] [  END  ]             Ok [Elapsed time = 0.002 seg]
[21:38:15] [ BEGIN ]             -- Freeing surface --
                                 {
                                 }
[21:38:15] [  END  ]             Ok [Elapsed time = 0.002 seg]
[21:38:15] [ BEGIN ]             -- Freeing surface --
                                 {
                                 }
[21:38:15] [  END  ]             Ok [Elapsed time = 0.001 seg]
[21:38:15] [ BEGIN ]             -- Freeing surface --
                                 {
                                 }
[21:38:15] [  END  ]             Ok [Elapsed time = 0.002 seg]
[21:38:15] [ BEGIN ]             -- Freeing surface --
                                 {
                                 }
[21:38:15] [  END  ]             Ok [Elapsed time = 0.002 seg]
[21:38:15] [ BEGIN ]             -- Freeing surface --
                                 {
                                 }
[21:38:15] [  END  ]             Ok [Elapsed time = 0.001 seg]
[21:38:15] [ BEGIN ]             -- Freeing surface --
                                 {
                                 }
[21:38:15] [  END  ]             Ok [Elapsed time = 0.002 seg]
[21:38:15] [ BEGIN ]             -- Freeing surface --
                                 {
                                 }
[21:38:15] [  END  ]             Ok [Elapsed time = 0.001 seg]
[21:38:15] [ BEGIN ]             -- Freeing surface --
                                 {
                                 }
[21:38:15] [  END  ]             Ok [Elapsed time = 0 seg]
[21:38:15] [ BEGIN ]             -- Freeing surface --
                                 {
                                 }
[21:38:15] [  END  ]             Ok [Elapsed time = 0.001 seg]
[21:38:15] [ BEGIN ]             -- Freeing surface --
                                 {
                                 }
[21:38:15] [  END  ]             Ok [Elapsed time = 0.001 seg]
[21:38:15] [ BEGIN ]             -- Freeing surface --
                                 {
                                 }
[21:38:15] [  END  ]             Ok [Elapsed time = 0 seg]
[21:38:15] [ BEGIN ]             -- Freeing surface --
                                 {
                                 }
[21:38:15] [  END  ]             Ok [Elapsed time = 0.001 seg]
                              }
[21:38:15] [  END  ]          Ok [Elapsed time = 0.018 seg]
[21:38:15] [ BEGIN ]          -- Freeing animation --
                              {
           [ INFO  ]             Name: resources/Spaceship rotation smoke/RIGHT/Rotate_right.xml
[21:38:15] [ BEGIN ]             -- Freeing surface --
                                 {
                                 }
[21:38:15] [  END  ]             Ok [Elapsed time = 0.001 seg]
[21:38:15] [ BEGIN ]             -- Freeing surface --
                                 {
                                 }
[21:38:15] [  END  ]             Ok [Elapsed time = 0.002 seg]
[21:38:15] [ BEGIN ]             -- Freeing surface --
                                 {
                                 }
[21:38:15] [  END  ]             Ok [Elapsed time = 0.001 seg]
[21:38:15] [ BEGIN ]             -- Freeing surface --
                                 {
                                 }
[21:38:15] [  END  ]             Ok [Elapsed time = 0.002 seg]
[21:38:15] [ BEGIN ]             -- Freeing surface --
                                 {
                                 }
[21:38:15] [  END  ]             Ok [Elapsed time = 0.001 seg]
[21:38:15] [ BEGIN ]             -- Freeing surface --
                                 {
                                 }
[21:38:15] [  END  ]             Ok [Elapsed time = 0 seg]
[21:38:15] [ BEGIN ]             -- Freeing surface --
                                 {
                                 }
[21:38:15] [  END  ]             Ok [Elapsed time = 0.001 seg]
[21:38:15] [ BEGIN ]             -- Freeing surface --
                                 {
                                 }
[21:38:15] [  END  ]             Ok [Elapsed time = 0.001 seg]
[21:38:15] [ BEGIN ]             -- Freeing surface --
                                 {
                                 }
[21:38:15] [  END  ]             Ok [Elapsed time = 0 seg]
[21:38:15] [ BEGIN ]             -- Freeing surface --
                                 {
                                 }
[21:38:15] [  END  ]             Ok [Elapsed time = 0.001 seg]
[21:38:15] [ BEGIN ]             -- Freeing surface --
                                 {
                                 }
[21:38:15] [  END  ]             Ok [Elapsed time = 0.001 seg]
[21:38:15] [ BEGIN ]             -- Freeing surface --
                                 {
                                 }
[21:38:15] [  END  ]             Ok [Elapsed time = 0 seg]
[21:38:15] [ BEGIN ]             -- Freeing surface --
                                 {
                                 }
[21:38:15] [  END  ]             Ok [Elapsed time = 0.001 seg]
[21:38:15] [ BEGIN ]             -- Freeing surface --
                                 {
                                 }
[21:38:15] [  END  ]             Ok [Elapsed time = 0.001 seg]
[21:38:15] [ BEGIN ]             -- Freeing surface --
                                 {
                                 }
[21:38:15] [  END  ]             Ok [Elapsed time = 0 seg]
                              }
[21:38:15] [  END  ]          Ok [Elapsed time = 0.013 seg]
                           }
[21:38:15] [  END  ]       Animations freed [Elapsed time = 0.057 seg]
                        }
[21:38:15] [  END  ]    AnimationManager finalized [Elapsed time = 0.057 seg]
[21:38:15] [ BEGIN ]    -- Finalizing SurfaceManager --
                        {
[21:38:15] [ BEGIN ]       -- Freeing surfaces --
                           {
           [ INFO  ]          Freeing surface:           [ INFO  ]          Freeing surface:           [ INFO  ]          Freeing surface:                           }
[21:38:15] [  END  ]       Surfaces freed [Elapsed time = 0.004 seg]
                        }
[21:38:15] [  END  ]    IND_SurfaceManager finalized [Elapsed time = 0.004 seg]
[21:38:15] [ BEGIN ]    -- Finalizing ImageManager --
                        {
[21:38:15] [ BEGIN ]       -- Freeing images --
                           {
                           }
[21:38:15] [  END  ]       Images freed [Elapsed time = 0 seg]
                        }
[21:38:15] [  END  ]    ImageManager finalized [Elapsed time = 0 seg]
[21:38:15] [ BEGIN ]    -- Finalizing Direct3D --
                        {
           [  OK   ]       Finalizing the Device
           [  OK   ]       Finalizing D3D object
[21:38:15] [ BEGIN ]       -- Finalizing the window --
                           {
                           }
[21:38:15] [  END  ]       Window finalized [Elapsed time = 0.003 seg]
                        }
[21:38:15] [  END  ]    Direct3D finalized  [Elapsed time = 0.01 seg]
